ERROR - 2022-06-20 06:25:07 --> You have an error in your SQL syntax; check the manual that corresponds to your MariaDB server version for the right syntax to use near ':0:
AND `status` = :status:' at line 3
CRITICAL - 2022-06-20 06:25:07 --> You have an error in your SQL syntax; check the manual that corresponds to your MariaDB server version for the right syntax to use near ':0:
AND `status` = :status:' at line 3
#0 C:\xampp\htdocs\tiketbus\system\Database\MySQLi\Connection.php(292): mysqli->query('SELECT *\nFROM `...', 0)
#1 C:\xampp\htdocs\tiketbus\system\Database\BaseConnection.php(670): CodeIgniter\Database\MySQLi\Connection->execute('SELECT *\nFROM `...')
#2 C:\xampp\htdocs\tiketbus\system\Database\BaseConnection.php(598): CodeIgniter\Database\BaseConnection->simpleQuery('SELECT *\nFROM `...')
#3 C:\xampp\htdocs\tiketbus\system\Database\BaseBuilder.php(1588): CodeIgniter\Database\BaseConnection->query('SELECT *\nFROM `...', Array, false)
#4 C:\xampp\htdocs\tiketbus\app\Controllers\TiketController.php(78): CodeIgniter\Database\BaseBuilder->getWhere(Array)
#5 C:\xampp\htdocs\tiketbus\system\CodeIgniter.php(832): App\Controllers\TiketController->cetak()
#6 C:\xampp\htdocs\tiketbus\system\CodeIgniter.php(419): CodeIgniter\CodeIgniter->runController(Object(App\Controllers\TiketController))
#7 C:\xampp\htdocs\tiketbus\system\CodeIgniter.php(326): CodeIgniter\CodeIgniter->handleRequest(NULL, Object(Config\Cache), false)
#8 C:\xampp\htdocs\tiketbus\public\index.php(37): CodeIgniter\CodeIgniter->run()
#9 {main}
ERROR - 2022-06-20 06:26:53 --> You have an error in your SQL syntax; check the manual that corresponds to your MariaDB server version for the right syntax to use near ':0:
AND `status` = :status:' at line 3
CRITICAL - 2022-06-20 06:26:53 --> You have an error in your SQL syntax; check the manual that corresponds to your MariaDB server version for the right syntax to use near ':0:
AND `status` = :status:' at line 3
#0 C:\xampp\htdocs\tiketbus\system\Database\MySQLi\Connection.php(292): mysqli->query('SELECT *\nFROM `...', 0)
#1 C:\xampp\htdocs\tiketbus\system\Database\BaseConnection.php(670): CodeIgniter\Database\MySQLi\Connection->execute('SELECT *\nFROM `...')
#2 C:\xampp\htdocs\tiketbus\system\Database\BaseConnection.php(598): CodeIgniter\Database\BaseConnection->simpleQuery('SELECT *\nFROM `...')
#3 C:\xampp\htdocs\tiketbus\system\Database\BaseBuilder.php(1588): CodeIgniter\Database\BaseConnection->query('SELECT *\nFROM `...', Array, false)
#4 C:\xampp\htdocs\tiketbus\app\Controllers\TiketController.php(78): CodeIgniter\Database\BaseBuilder->getWhere(Array)
#5 C:\xampp\htdocs\tiketbus\system\CodeIgniter.php(832): App\Controllers\TiketController->cetak()
#6 C:\xampp\htdocs\tiketbus\system\CodeIgniter.php(419): CodeIgniter\CodeIgniter->runController(Object(App\Controllers\TiketController))
#7 C:\xampp\htdocs\tiketbus\system\CodeIgniter.php(326): CodeIgniter\CodeIgniter->handleRequest(NULL, Object(Config\Cache), false)
#8 C:\xampp\htdocs\tiketbus\public\index.php(37): CodeIgniter\CodeIgniter->run()
#9 {main}
CRITICAL - 2022-06-20 11:42:55 --> Trying to access array offset on value of type null
#0 C:\xampp\htdocs\tiketbus\app\Controllers\TiketController.php(108): CodeIgniter\Debug\Exceptions->errorHandler(2, 'Trying to acces...', 'C:\\xampp\\htdocs...', 108)
#1 C:\xampp\htdocs\tiketbus\system\CodeIgniter.php(832): App\Controllers\TiketController->batal()
#2 C:\xampp\htdocs\tiketbus\system\CodeIgniter.php(419): CodeIgniter\CodeIgniter->runController(Object(App\Controllers\TiketController))
#3 C:\xampp\htdocs\tiketbus\system\CodeIgniter.php(326): CodeIgniter\CodeIgniter->handleRequest(NULL, Object(Config\Cache), false)
#4 C:\xampp\htdocs\tiketbus\public\index.php(37): CodeIgniter\CodeIgniter->run()
#5 {main}
