CRITICAL - 2022-06-22 23:53:54 --> Undefined variable $validation
#0 C:\xampp\htdocs\tiketbus\app\Views\autentifikasi\login.php(25): CodeIgniter\Debug\Exceptions->errorHandler(2, 'Undefined varia...', 'C:\\xampp\\htdocs...', 25)
#1 C:\xampp\htdocs\tiketbus\system\View\View.php(210): include('C:\\xampp\\htdocs...')
#2 C:\xampp\htdocs\tiketbus\system\View\View.php(213): CodeIgniter\View\View->CodeIgniter\View\{closure}()
#3 C:\xampp\htdocs\tiketbus\system\Common.php(1089): CodeIgniter\View\View->render('autentifikasi/l...', Array, true)
#4 C:\xampp\htdocs\tiketbus\app\Controllers\Login.php(9): view('autentifikasi/l...')
#5 C:\xampp\htdocs\tiketbus\system\CodeIgniter.php(832): App\Controllers\Login->index()
#6 C:\xampp\htdocs\tiketbus\system\CodeIgniter.php(419): CodeIgniter\CodeIgniter->runController(Object(App\Controllers\Login))
#7 C:\xampp\htdocs\tiketbus\system\CodeIgniter.php(326): CodeIgniter\CodeIgniter->handleRequest(NULL, Object(Config\Cache), false)
#8 C:\xampp\htdocs\tiketbus\public\index.php(37): CodeIgniter\CodeIgniter->run()
#9 {main}
CRITICAL - 2022-06-22 23:55:17 --> Undefined variable $validation
#0 C:\xampp\htdocs\tiketbus\app\Views\autentifikasi\login.php(25): CodeIgniter\Debug\Exceptions->errorHandler(2, 'Undefined varia...', 'C:\\xampp\\htdocs...', 25)
#1 C:\xampp\htdocs\tiketbus\system\View\View.php(210): include('C:\\xampp\\htdocs...')
#2 C:\xampp\htdocs\tiketbus\system\View\View.php(213): CodeIgniter\View\View->CodeIgniter\View\{closure}()
#3 C:\xampp\htdocs\tiketbus\system\Common.php(1089): CodeIgniter\View\View->render('autentifikasi/l...', Array, true)
#4 C:\xampp\htdocs\tiketbus\app\Controllers\Login.php(13): view('autentifikasi/l...')
#5 C:\xampp\htdocs\tiketbus\system\CodeIgniter.php(832): App\Controllers\Login->index()
#6 C:\xampp\htdocs\tiketbus\system\CodeIgniter.php(419): CodeIgniter\CodeIgniter->runController(Object(App\Controllers\Login))
#7 C:\xampp\htdocs\tiketbus\system\CodeIgniter.php(326): CodeIgniter\CodeIgniter->handleRequest(NULL, Object(Config\Cache), false)
#8 C:\xampp\htdocs\tiketbus\public\index.php(37): CodeIgniter\CodeIgniter->run()
#9 {main}
CRITICAL - 2022-06-22 23:55:21 --> Undefined variable $validation
#0 C:\xampp\htdocs\tiketbus\app\Views\autentifikasi\login.php(25): CodeIgniter\Debug\Exceptions->errorHandler(2, 'Undefined varia...', 'C:\\xampp\\htdocs...', 25)
#1 C:\xampp\htdocs\tiketbus\system\View\View.php(210): include('C:\\xampp\\htdocs...')
#2 C:\xampp\htdocs\tiketbus\system\View\View.php(213): CodeIgniter\View\View->CodeIgniter\View\{closure}()
#3 C:\xampp\htdocs\tiketbus\system\Common.php(1089): CodeIgniter\View\View->render('autentifikasi/l...', Array, true)
#4 C:\xampp\htdocs\tiketbus\app\Controllers\Login.php(13): view('autentifikasi/l...')
#5 C:\xampp\htdocs\tiketbus\system\CodeIgniter.php(832): App\Controllers\Login->index()
#6 C:\xampp\htdocs\tiketbus\system\CodeIgniter.php(419): CodeIgniter\CodeIgniter->runController(Object(App\Controllers\Login))
#7 C:\xampp\htdocs\tiketbus\system\CodeIgniter.php(326): CodeIgniter\CodeIgniter->handleRequest(NULL, Object(Config\Cache), false)
#8 C:\xampp\htdocs\tiketbus\public\index.php(37): CodeIgniter\CodeIgniter->run()
#9 {main}
CRITICAL - 2022-06-22 23:55:23 --> Undefined variable $validation
#0 C:\xampp\htdocs\tiketbus\app\Views\autentifikasi\login.php(25): CodeIgniter\Debug\Exceptions->errorHandler(2, 'Undefined varia...', 'C:\\xampp\\htdocs...', 25)
#1 C:\xampp\htdocs\tiketbus\system\View\View.php(210): include('C:\\xampp\\htdocs...')
#2 C:\xampp\htdocs\tiketbus\system\View\View.php(213): CodeIgniter\View\View->CodeIgniter\View\{closure}()
#3 C:\xampp\htdocs\tiketbus\system\Common.php(1089): CodeIgniter\View\View->render('autentifikasi/l...', Array, true)
#4 C:\xampp\htdocs\tiketbus\app\Controllers\Login.php(13): view('autentifikasi/l...')
#5 C:\xampp\htdocs\tiketbus\system\CodeIgniter.php(832): App\Controllers\Login->index()
#6 C:\xampp\htdocs\tiketbus\system\CodeIgniter.php(419): CodeIgniter\CodeIgniter->runController(Object(App\Controllers\Login))
#7 C:\xampp\htdocs\tiketbus\system\CodeIgniter.php(326): CodeIgniter\CodeIgniter->handleRequest(NULL, Object(Config\Cache), false)
#8 C:\xampp\htdocs\tiketbus\public\index.php(37): CodeIgniter\CodeIgniter->run()
#9 {main}
CRITICAL - 2022-06-22 23:55:24 --> Undefined variable $validation
#0 C:\xampp\htdocs\tiketbus\app\Views\autentifikasi\login.php(25): CodeIgniter\Debug\Exceptions->errorHandler(2, 'Undefined varia...', 'C:\\xampp\\htdocs...', 25)
#1 C:\xampp\htdocs\tiketbus\system\View\View.php(210): include('C:\\xampp\\htdocs...')
#2 C:\xampp\htdocs\tiketbus\system\View\View.php(213): CodeIgniter\View\View->CodeIgniter\View\{closure}()
#3 C:\xampp\htdocs\tiketbus\system\Common.php(1089): CodeIgniter\View\View->render('autentifikasi/l...', Array, true)
#4 C:\xampp\htdocs\tiketbus\app\Controllers\Login.php(13): view('autentifikasi/l...')
#5 C:\xampp\htdocs\tiketbus\system\CodeIgniter.php(832): App\Controllers\Login->index()
#6 C:\xampp\htdocs\tiketbus\system\CodeIgniter.php(419): CodeIgniter\CodeIgniter->runController(Object(App\Controllers\Login))
#7 C:\xampp\htdocs\tiketbus\system\CodeIgniter.php(326): CodeIgniter\CodeIgniter->handleRequest(NULL, Object(Config\Cache), false)
#8 C:\xampp\htdocs\tiketbus\public\index.php(37): CodeIgniter\CodeIgniter->run()
#9 {main}
CRITICAL - 2022-06-22 23:55:25 --> Undefined variable $validation
#0 C:\xampp\htdocs\tiketbus\app\Views\autentifikasi\login.php(25): CodeIgniter\Debug\Exceptions->errorHandler(2, 'Undefined varia...', 'C:\\xampp\\htdocs...', 25)
#1 C:\xampp\htdocs\tiketbus\system\View\View.php(210): include('C:\\xampp\\htdocs...')
#2 C:\xampp\htdocs\tiketbus\system\View\View.php(213): CodeIgniter\View\View->CodeIgniter\View\{closure}()
#3 C:\xampp\htdocs\tiketbus\system\Common.php(1089): CodeIgniter\View\View->render('autentifikasi/l...', Array, true)
#4 C:\xampp\htdocs\tiketbus\app\Controllers\Login.php(13): view('autentifikasi/l...')
#5 C:\xampp\htdocs\tiketbus\system\CodeIgniter.php(832): App\Controllers\Login->index()
#6 C:\xampp\htdocs\tiketbus\system\CodeIgniter.php(419): CodeIgniter\CodeIgniter->runController(Object(App\Controllers\Login))
#7 C:\xampp\htdocs\tiketbus\system\CodeIgniter.php(326): CodeIgniter\CodeIgniter->handleRequest(NULL, Object(Config\Cache), false)
#8 C:\xampp\htdocs\tiketbus\public\index.php(37): CodeIgniter\CodeIgniter->run()
#9 {main}
CRITICAL - 2022-06-22 23:55:27 --> Undefined variable $validation
#0 C:\xampp\htdocs\tiketbus\app\Views\autentifikasi\login.php(25): CodeIgniter\Debug\Exceptions->errorHandler(2, 'Undefined varia...', 'C:\\xampp\\htdocs...', 25)
#1 C:\xampp\htdocs\tiketbus\system\View\View.php(210): include('C:\\xampp\\htdocs...')
#2 C:\xampp\htdocs\tiketbus\system\View\View.php(213): CodeIgniter\View\View->CodeIgniter\View\{closure}()
#3 C:\xampp\htdocs\tiketbus\system\Common.php(1089): CodeIgniter\View\View->render('autentifikasi/l...', Array, true)
#4 C:\xampp\htdocs\tiketbus\app\Controllers\Login.php(13): view('autentifikasi/l...')
#5 C:\xampp\htdocs\tiketbus\system\CodeIgniter.php(832): App\Controllers\Login->index()
#6 C:\xampp\htdocs\tiketbus\system\CodeIgniter.php(419): CodeIgniter\CodeIgniter->runController(Object(App\Controllers\Login))
#7 C:\xampp\htdocs\tiketbus\system\CodeIgniter.php(326): CodeIgniter\CodeIgniter->handleRequest(NULL, Object(Config\Cache), false)
#8 C:\xampp\htdocs\tiketbus\public\index.php(37): CodeIgniter\CodeIgniter->run()
#9 {main}
CRITICAL - 2022-06-22 23:55:28 --> Undefined variable $validation
#0 C:\xampp\htdocs\tiketbus\app\Views\autentifikasi\login.php(25): CodeIgniter\Debug\Exceptions->errorHandler(2, 'Undefined varia...', 'C:\\xampp\\htdocs...', 25)
#1 C:\xampp\htdocs\tiketbus\system\View\View.php(210): include('C:\\xampp\\htdocs...')
#2 C:\xampp\htdocs\tiketbus\system\View\View.php(213): CodeIgniter\View\View->CodeIgniter\View\{closure}()
#3 C:\xampp\htdocs\tiketbus\system\Common.php(1089): CodeIgniter\View\View->render('autentifikasi/l...', Array, true)
#4 C:\xampp\htdocs\tiketbus\app\Controllers\Login.php(13): view('autentifikasi/l...')
#5 C:\xampp\htdocs\tiketbus\system\CodeIgniter.php(832): App\Controllers\Login->index()
#6 C:\xampp\htdocs\tiketbus\system\CodeIgniter.php(419): CodeIgniter\CodeIgniter->runController(Object(App\Controllers\Login))
#7 C:\xampp\htdocs\tiketbus\system\CodeIgniter.php(326): CodeIgniter\CodeIgniter->handleRequest(NULL, Object(Config\Cache), false)
#8 C:\xampp\htdocs\tiketbus\public\index.php(37): CodeIgniter\CodeIgniter->run()
#9 {main}
CRITICAL - 2022-06-22 23:55:29 --> Undefined variable $validation
#0 C:\xampp\htdocs\tiketbus\app\Views\autentifikasi\login.php(25): CodeIgniter\Debug\Exceptions->errorHandler(2, 'Undefined varia...', 'C:\\xampp\\htdocs...', 25)
#1 C:\xampp\htdocs\tiketbus\system\View\View.php(210): include('C:\\xampp\\htdocs...')
#2 C:\xampp\htdocs\tiketbus\system\View\View.php(213): CodeIgniter\View\View->CodeIgniter\View\{closure}()
#3 C:\xampp\htdocs\tiketbus\system\Common.php(1089): CodeIgniter\View\View->render('autentifikasi/l...', Array, true)
#4 C:\xampp\htdocs\tiketbus\app\Controllers\Login.php(13): view('autentifikasi/l...')
#5 C:\xampp\htdocs\tiketbus\system\CodeIgniter.php(832): App\Controllers\Login->index()
#6 C:\xampp\htdocs\tiketbus\system\CodeIgniter.php(419): CodeIgniter\CodeIgniter->runController(Object(App\Controllers\Login))
#7 C:\xampp\htdocs\tiketbus\system\CodeIgniter.php(326): CodeIgniter\CodeIgniter->handleRequest(NULL, Object(Config\Cache), false)
#8 C:\xampp\htdocs\tiketbus\public\index.php(37): CodeIgniter\CodeIgniter->run()
#9 {main}
CRITICAL - 2022-06-22 23:55:30 --> Undefined variable $validation
#0 C:\xampp\htdocs\tiketbus\app\Views\autentifikasi\login.php(25): CodeIgniter\Debug\Exceptions->errorHandler(2, 'Undefined varia...', 'C:\\xampp\\htdocs...', 25)
#1 C:\xampp\htdocs\tiketbus\system\View\View.php(210): include('C:\\xampp\\htdocs...')
#2 C:\xampp\htdocs\tiketbus\system\View\View.php(213): CodeIgniter\View\View->CodeIgniter\View\{closure}()
#3 C:\xampp\htdocs\tiketbus\system\Common.php(1089): CodeIgniter\View\View->render('autentifikasi/l...', Array, true)
#4 C:\xampp\htdocs\tiketbus\app\Controllers\Login.php(13): view('autentifikasi/l...')
#5 C:\xampp\htdocs\tiketbus\system\CodeIgniter.php(832): App\Controllers\Login->index()
#6 C:\xampp\htdocs\tiketbus\system\CodeIgniter.php(419): CodeIgniter\CodeIgniter->runController(Object(App\Controllers\Login))
#7 C:\xampp\htdocs\tiketbus\system\CodeIgniter.php(326): CodeIgniter\CodeIgniter->handleRequest(NULL, Object(Config\Cache), false)
#8 C:\xampp\htdocs\tiketbus\public\index.php(37): CodeIgniter\CodeIgniter->run()
#9 {main}
CRITICAL - 2022-06-22 23:55:31 --> Undefined variable $validation
#0 C:\xampp\htdocs\tiketbus\app\Views\autentifikasi\login.php(25): CodeIgniter\Debug\Exceptions->errorHandler(2, 'Undefined varia...', 'C:\\xampp\\htdocs...', 25)
#1 C:\xampp\htdocs\tiketbus\system\View\View.php(210): include('C:\\xampp\\htdocs...')
#2 C:\xampp\htdocs\tiketbus\system\View\View.php(213): CodeIgniter\View\View->CodeIgniter\View\{closure}()
#3 C:\xampp\htdocs\tiketbus\system\Common.php(1089): CodeIgniter\View\View->render('autentifikasi/l...', Array, true)
#4 C:\xampp\htdocs\tiketbus\app\Controllers\Login.php(13): view('autentifikasi/l...')
#5 C:\xampp\htdocs\tiketbus\system\CodeIgniter.php(832): App\Controllers\Login->index()
#6 C:\xampp\htdocs\tiketbus\system\CodeIgniter.php(419): CodeIgniter\CodeIgniter->runController(Object(App\Controllers\Login))
#7 C:\xampp\htdocs\tiketbus\system\CodeIgniter.php(326): CodeIgniter\CodeIgniter->handleRequest(NULL, Object(Config\Cache), false)
#8 C:\xampp\htdocs\tiketbus\public\index.php(37): CodeIgniter\CodeIgniter->run()
#9 {main}
CRITICAL - 2022-06-22 23:55:32 --> Undefined variable $validation
#0 C:\xampp\htdocs\tiketbus\app\Views\autentifikasi\login.php(25): CodeIgniter\Debug\Exceptions->errorHandler(2, 'Undefined varia...', 'C:\\xampp\\htdocs...', 25)
#1 C:\xampp\htdocs\tiketbus\system\View\View.php(210): include('C:\\xampp\\htdocs...')
#2 C:\xampp\htdocs\tiketbus\system\View\View.php(213): CodeIgniter\View\View->CodeIgniter\View\{closure}()
#3 C:\xampp\htdocs\tiketbus\system\Common.php(1089): CodeIgniter\View\View->render('autentifikasi/l...', Array, true)
#4 C:\xampp\htdocs\tiketbus\app\Controllers\Login.php(13): view('autentifikasi/l...')
#5 C:\xampp\htdocs\tiketbus\system\CodeIgniter.php(832): App\Controllers\Login->index()
#6 C:\xampp\htdocs\tiketbus\system\CodeIgniter.php(419): CodeIgniter\CodeIgniter->runController(Object(App\Controllers\Login))
#7 C:\xampp\htdocs\tiketbus\system\CodeIgniter.php(326): CodeIgniter\CodeIgniter->handleRequest(NULL, Object(Config\Cache), false)
#8 C:\xampp\htdocs\tiketbus\public\index.php(37): CodeIgniter\CodeIgniter->run()
#9 {main}
CRITICAL - 2022-06-22 23:55:33 --> Undefined variable $validation
#0 C:\xampp\htdocs\tiketbus\app\Views\autentifikasi\login.php(25): CodeIgniter\Debug\Exceptions->errorHandler(2, 'Undefined varia...', 'C:\\xampp\\htdocs...', 25)
#1 C:\xampp\htdocs\tiketbus\system\View\View.php(210): include('C:\\xampp\\htdocs...')
#2 C:\xampp\htdocs\tiketbus\system\View\View.php(213): CodeIgniter\View\View->CodeIgniter\View\{closure}()
#3 C:\xampp\htdocs\tiketbus\system\Common.php(1089): CodeIgniter\View\View->render('autentifikasi/l...', Array, true)
#4 C:\xampp\htdocs\tiketbus\app\Controllers\Login.php(13): view('autentifikasi/l...')
#5 C:\xampp\htdocs\tiketbus\system\CodeIgniter.php(832): App\Controllers\Login->index()
#6 C:\xampp\htdocs\tiketbus\system\CodeIgniter.php(419): CodeIgniter\CodeIgniter->runController(Object(App\Controllers\Login))
#7 C:\xampp\htdocs\tiketbus\system\CodeIgniter.php(326): CodeIgniter\CodeIgniter->handleRequest(NULL, Object(Config\Cache), false)
#8 C:\xampp\htdocs\tiketbus\public\index.php(37): CodeIgniter\CodeIgniter->run()
#9 {main}
CRITICAL - 2022-06-22 23:55:34 --> Undefined variable $validation
#0 C:\xampp\htdocs\tiketbus\app\Views\autentifikasi\login.php(25): CodeIgniter\Debug\Exceptions->errorHandler(2, 'Undefined varia...', 'C:\\xampp\\htdocs...', 25)
#1 C:\xampp\htdocs\tiketbus\system\View\View.php(210): include('C:\\xampp\\htdocs...')
#2 C:\xampp\htdocs\tiketbus\system\View\View.php(213): CodeIgniter\View\View->CodeIgniter\View\{closure}()
#3 C:\xampp\htdocs\tiketbus\system\Common.php(1089): CodeIgniter\View\View->render('autentifikasi/l...', Array, true)
#4 C:\xampp\htdocs\tiketbus\app\Controllers\Login.php(13): view('autentifikasi/l...')
#5 C:\xampp\htdocs\tiketbus\system\CodeIgniter.php(832): App\Controllers\Login->index()
#6 C:\xampp\htdocs\tiketbus\system\CodeIgniter.php(419): CodeIgniter\CodeIgniter->runController(Object(App\Controllers\Login))
#7 C:\xampp\htdocs\tiketbus\system\CodeIgniter.php(326): CodeIgniter\CodeIgniter->handleRequest(NULL, Object(Config\Cache), false)
#8 C:\xampp\htdocs\tiketbus\public\index.php(37): CodeIgniter\CodeIgniter->run()
#9 {main}
CRITICAL - 2022-06-22 23:55:35 --> Undefined variable $validation
#0 C:\xampp\htdocs\tiketbus\app\Views\autentifikasi\login.php(25): CodeIgniter\Debug\Exceptions->errorHandler(2, 'Undefined varia...', 'C:\\xampp\\htdocs...', 25)
#1 C:\xampp\htdocs\tiketbus\system\View\View.php(210): include('C:\\xampp\\htdocs...')
#2 C:\xampp\htdocs\tiketbus\system\View\View.php(213): CodeIgniter\View\View->CodeIgniter\View\{closure}()
#3 C:\xampp\htdocs\tiketbus\system\Common.php(1089): CodeIgniter\View\View->render('autentifikasi/l...', Array, true)
#4 C:\xampp\htdocs\tiketbus\app\Controllers\Login.php(13): view('autentifikasi/l...')
#5 C:\xampp\htdocs\tiketbus\system\CodeIgniter.php(832): App\Controllers\Login->index()
#6 C:\xampp\htdocs\tiketbus\system\CodeIgniter.php(419): CodeIgniter\CodeIgniter->runController(Object(App\Controllers\Login))
#7 C:\xampp\htdocs\tiketbus\system\CodeIgniter.php(326): CodeIgniter\CodeIgniter->handleRequest(NULL, Object(Config\Cache), false)
#8 C:\xampp\htdocs\tiketbus\public\index.php(37): CodeIgniter\CodeIgniter->run()
#9 {main}
