CRITICAL - 2022-06-24 02:41:52 --> Undefined array key "asal"
#0 C:\xampp\htdocs\tiketbus\app\Views\transaksi\penjadwalan.php(73): CodeIgniter\Debug\Exceptions->errorHandler(2, 'Undefined array...', 'C:\\xampp\\htdocs...', 73)
#1 C:\xampp\htdocs\tiketbus\system\View\View.php(210): include('C:\\xampp\\htdocs...')
#2 C:\xampp\htdocs\tiketbus\system\View\View.php(213): CodeIgniter\View\View->CodeIgniter\View\{closure}()
#3 C:\xampp\htdocs\tiketbus\system\Common.php(1089): CodeIgniter\View\View->render('transaksi/penja...', Array, true)
#4 C:\xampp\htdocs\tiketbus\app\Controllers\Transaksi.php(34): view('transaksi/penja...', Array)
#5 C:\xampp\htdocs\tiketbus\system\CodeIgniter.php(832): App\Controllers\Transaksi->penjadwalan()
#6 C:\xampp\htdocs\tiketbus\system\CodeIgniter.php(419): CodeIgniter\CodeIgniter->runController(Object(App\Controllers\Transaksi))
#7 C:\xampp\htdocs\tiketbus\system\CodeIgniter.php(326): CodeIgniter\CodeIgniter->handleRequest(NULL, Object(Config\Cache), false)
#8 C:\xampp\htdocs\tiketbus\public\index.php(37): CodeIgniter\CodeIgniter->run()
#9 C:\xampp\htdocs\tiketbus\system\Commands\Server\rewrite.php(43): require_once('C:\\xampp\\htdocs...')
#10 {main}
CRITICAL - 2022-06-24 05:12:39 --> Undefined variable $jadwal
#0 C:\xampp\htdocs\tiketbus\app\Views\transaksi\penjadwalan.php(24): CodeIgniter\Debug\Exceptions->errorHandler(2, 'Undefined varia...', 'C:\\xampp\\htdocs...', 24)
#1 C:\xampp\htdocs\tiketbus\system\View\View.php(210): include('C:\\xampp\\htdocs...')
#2 C:\xampp\htdocs\tiketbus\system\View\View.php(213): CodeIgniter\View\View->CodeIgniter\View\{closure}()
#3 C:\xampp\htdocs\tiketbus\system\Common.php(1089): CodeIgniter\View\View->render('transaksi/penja...', Array, true)
#4 C:\xampp\htdocs\tiketbus\app\Controllers\Transaksi.php(106): view('transaksi/penja...', Array)
#5 C:\xampp\htdocs\tiketbus\system\CodeIgniter.php(832): App\Controllers\Transaksi->pemesanan()
#6 C:\xampp\htdocs\tiketbus\system\CodeIgniter.php(419): CodeIgniter\CodeIgniter->runController(Object(App\Controllers\Transaksi))
#7 C:\xampp\htdocs\tiketbus\system\CodeIgniter.php(326): CodeIgniter\CodeIgniter->handleRequest(NULL, Object(Config\Cache), false)
#8 C:\xampp\htdocs\tiketbus\public\index.php(37): CodeIgniter\CodeIgniter->run()
#9 C:\xampp\htdocs\tiketbus\system\Commands\Server\rewrite.php(43): require_once('C:\\xampp\\htdocs...')
#10 {main}
CRITICAL - 2022-06-24 05:12:53 --> Undefined array key "id_tiket"
#0 C:\xampp\htdocs\tiketbus\app\Views\transaksi\pemesanan.php(32): CodeIgniter\Debug\Exceptions->errorHandler(2, 'Undefined array...', 'C:\\xampp\\htdocs...', 32)
#1 C:\xampp\htdocs\tiketbus\system\View\View.php(210): include('C:\\xampp\\htdocs...')
#2 C:\xampp\htdocs\tiketbus\system\View\View.php(213): CodeIgniter\View\View->CodeIgniter\View\{closure}()
#3 C:\xampp\htdocs\tiketbus\system\Common.php(1089): CodeIgniter\View\View->render('transaksi/pemes...', Array, true)
#4 C:\xampp\htdocs\tiketbus\app\Controllers\Transaksi.php(106): view('transaksi/pemes...', Array)
#5 C:\xampp\htdocs\tiketbus\system\CodeIgniter.php(832): App\Controllers\Transaksi->pemesanan()
#6 C:\xampp\htdocs\tiketbus\system\CodeIgniter.php(419): CodeIgniter\CodeIgniter->runController(Object(App\Controllers\Transaksi))
#7 C:\xampp\htdocs\tiketbus\system\CodeIgniter.php(326): CodeIgniter\CodeIgniter->handleRequest(NULL, Object(Config\Cache), false)
#8 C:\xampp\htdocs\tiketbus\public\index.php(37): CodeIgniter\CodeIgniter->run()
#9 C:\xampp\htdocs\tiketbus\system\Commands\Server\rewrite.php(43): require_once('C:\\xampp\\htdocs...')
#10 {main}
CRITICAL - 2022-06-24 05:24:05 --> Trying to access array offset on value of type null
#0 C:\xampp\htdocs\tiketbus\app\Controllers\TiketController.php(109): CodeIgniter\Debug\Exceptions->errorHandler(2, 'Trying to acces...', 'C:\\xampp\\htdocs...', 109)
#1 C:\xampp\htdocs\tiketbus\system\CodeIgniter.php(832): App\Controllers\TiketController->batal()
#2 C:\xampp\htdocs\tiketbus\system\CodeIgniter.php(419): CodeIgniter\CodeIgniter->runController(Object(App\Controllers\TiketController))
#3 C:\xampp\htdocs\tiketbus\system\CodeIgniter.php(326): CodeIgniter\CodeIgniter->handleRequest(NULL, Object(Config\Cache), false)
#4 C:\xampp\htdocs\tiketbus\public\index.php(37): CodeIgniter\CodeIgniter->run()
#5 {main}
CRITICAL - 2022-06-24 05:24:12 --> Trying to access array offset on value of type null
#0 C:\xampp\htdocs\tiketbus\app\Controllers\TiketController.php(109): CodeIgniter\Debug\Exceptions->errorHandler(2, 'Trying to acces...', 'C:\\xampp\\htdocs...', 109)
#1 C:\xampp\htdocs\tiketbus\system\CodeIgniter.php(832): App\Controllers\TiketController->batal()
#2 C:\xampp\htdocs\tiketbus\system\CodeIgniter.php(419): CodeIgniter\CodeIgniter->runController(Object(App\Controllers\TiketController))
#3 C:\xampp\htdocs\tiketbus\system\CodeIgniter.php(326): CodeIgniter\CodeIgniter->handleRequest(NULL, Object(Config\Cache), false)
#4 C:\xampp\htdocs\tiketbus\public\index.php(37): CodeIgniter\CodeIgniter->run()
#5 {main}
CRITICAL - 2022-06-24 05:24:29 --> Trying to access array offset on value of type null
#0 C:\xampp\htdocs\tiketbus\app\Controllers\TiketController.php(109): CodeIgniter\Debug\Exceptions->errorHandler(2, 'Trying to acces...', 'C:\\xampp\\htdocs...', 109)
#1 C:\xampp\htdocs\tiketbus\system\CodeIgniter.php(832): App\Controllers\TiketController->batal()
#2 C:\xampp\htdocs\tiketbus\system\CodeIgniter.php(419): CodeIgniter\CodeIgniter->runController(Object(App\Controllers\TiketController))
#3 C:\xampp\htdocs\tiketbus\system\CodeIgniter.php(326): CodeIgniter\CodeIgniter->handleRequest(NULL, Object(Config\Cache), false)
#4 C:\xampp\htdocs\tiketbus\public\index.php(37): CodeIgniter\CodeIgniter->run()
#5 {main}
CRITICAL - 2022-06-24 05:24:29 --> Trying to access array offset on value of type null
#0 C:\xampp\htdocs\tiketbus\app\Controllers\TiketController.php(109): CodeIgniter\Debug\Exceptions->errorHandler(2, 'Trying to acces...', 'C:\\xampp\\htdocs...', 109)
#1 C:\xampp\htdocs\tiketbus\system\CodeIgniter.php(832): App\Controllers\TiketController->batal()
#2 C:\xampp\htdocs\tiketbus\system\CodeIgniter.php(419): CodeIgniter\CodeIgniter->runController(Object(App\Controllers\TiketController))
#3 C:\xampp\htdocs\tiketbus\system\CodeIgniter.php(326): CodeIgniter\CodeIgniter->handleRequest(NULL, Object(Config\Cache), false)
#4 C:\xampp\htdocs\tiketbus\public\index.php(37): CodeIgniter\CodeIgniter->run()
#5 {main}
CRITICAL - 2022-06-24 05:24:30 --> Trying to access array offset on value of type null
#0 C:\xampp\htdocs\tiketbus\app\Controllers\TiketController.php(109): CodeIgniter\Debug\Exceptions->errorHandler(2, 'Trying to acces...', 'C:\\xampp\\htdocs...', 109)
#1 C:\xampp\htdocs\tiketbus\system\CodeIgniter.php(832): App\Controllers\TiketController->batal()
#2 C:\xampp\htdocs\tiketbus\system\CodeIgniter.php(419): CodeIgniter\CodeIgniter->runController(Object(App\Controllers\TiketController))
#3 C:\xampp\htdocs\tiketbus\system\CodeIgniter.php(326): CodeIgniter\CodeIgniter->handleRequest(NULL, Object(Config\Cache), false)
#4 C:\xampp\htdocs\tiketbus\public\index.php(37): CodeIgniter\CodeIgniter->run()
#5 {main}
CRITICAL - 2022-06-24 05:24:30 --> Trying to access array offset on value of type null
#0 C:\xampp\htdocs\tiketbus\app\Controllers\TiketController.php(109): CodeIgniter\Debug\Exceptions->errorHandler(2, 'Trying to acces...', 'C:\\xampp\\htdocs...', 109)
#1 C:\xampp\htdocs\tiketbus\system\CodeIgniter.php(832): App\Controllers\TiketController->batal()
#2 C:\xampp\htdocs\tiketbus\system\CodeIgniter.php(419): CodeIgniter\CodeIgniter->runController(Object(App\Controllers\TiketController))
#3 C:\xampp\htdocs\tiketbus\system\CodeIgniter.php(326): CodeIgniter\CodeIgniter->handleRequest(NULL, Object(Config\Cache), false)
#4 C:\xampp\htdocs\tiketbus\public\index.php(37): CodeIgniter\CodeIgniter->run()
#5 {main}
CRITICAL - 2022-06-24 05:24:30 --> Trying to access array offset on value of type null
#0 C:\xampp\htdocs\tiketbus\app\Controllers\TiketController.php(109): CodeIgniter\Debug\Exceptions->errorHandler(2, 'Trying to acces...', 'C:\\xampp\\htdocs...', 109)
#1 C:\xampp\htdocs\tiketbus\system\CodeIgniter.php(832): App\Controllers\TiketController->batal()
#2 C:\xampp\htdocs\tiketbus\system\CodeIgniter.php(419): CodeIgniter\CodeIgniter->runController(Object(App\Controllers\TiketController))
#3 C:\xampp\htdocs\tiketbus\system\CodeIgniter.php(326): CodeIgniter\CodeIgniter->handleRequest(NULL, Object(Config\Cache), false)
#4 C:\xampp\htdocs\tiketbus\public\index.php(37): CodeIgniter\CodeIgniter->run()
#5 {main}
CRITICAL - 2022-06-24 05:24:30 --> Trying to access array offset on value of type null
#0 C:\xampp\htdocs\tiketbus\app\Controllers\TiketController.php(109): CodeIgniter\Debug\Exceptions->errorHandler(2, 'Trying to acces...', 'C:\\xampp\\htdocs...', 109)
#1 C:\xampp\htdocs\tiketbus\system\CodeIgniter.php(832): App\Controllers\TiketController->batal()
#2 C:\xampp\htdocs\tiketbus\system\CodeIgniter.php(419): CodeIgniter\CodeIgniter->runController(Object(App\Controllers\TiketController))
#3 C:\xampp\htdocs\tiketbus\system\CodeIgniter.php(326): CodeIgniter\CodeIgniter->handleRequest(NULL, Object(Config\Cache), false)
#4 C:\xampp\htdocs\tiketbus\public\index.php(37): CodeIgniter\CodeIgniter->run()
#5 {main}
CRITICAL - 2022-06-24 05:24:30 --> Trying to access array offset on value of type null
#0 C:\xampp\htdocs\tiketbus\app\Controllers\TiketController.php(109): CodeIgniter\Debug\Exceptions->errorHandler(2, 'Trying to acces...', 'C:\\xampp\\htdocs...', 109)
#1 C:\xampp\htdocs\tiketbus\system\CodeIgniter.php(832): App\Controllers\TiketController->batal()
#2 C:\xampp\htdocs\tiketbus\system\CodeIgniter.php(419): CodeIgniter\CodeIgniter->runController(Object(App\Controllers\TiketController))
#3 C:\xampp\htdocs\tiketbus\system\CodeIgniter.php(326): CodeIgniter\CodeIgniter->handleRequest(NULL, Object(Config\Cache), false)
#4 C:\xampp\htdocs\tiketbus\public\index.php(37): CodeIgniter\CodeIgniter->run()
#5 {main}
CRITICAL - 2022-06-24 05:24:30 --> Trying to access array offset on value of type null
#0 C:\xampp\htdocs\tiketbus\app\Controllers\TiketController.php(109): CodeIgniter\Debug\Exceptions->errorHandler(2, 'Trying to acces...', 'C:\\xampp\\htdocs...', 109)
#1 C:\xampp\htdocs\tiketbus\system\CodeIgniter.php(832): App\Controllers\TiketController->batal()
#2 C:\xampp\htdocs\tiketbus\system\CodeIgniter.php(419): CodeIgniter\CodeIgniter->runController(Object(App\Controllers\TiketController))
#3 C:\xampp\htdocs\tiketbus\system\CodeIgniter.php(326): CodeIgniter\CodeIgniter->handleRequest(NULL, Object(Config\Cache), false)
#4 C:\xampp\htdocs\tiketbus\public\index.php(37): CodeIgniter\CodeIgniter->run()
#5 {main}
CRITICAL - 2022-06-24 05:24:31 --> Trying to access array offset on value of type null
#0 C:\xampp\htdocs\tiketbus\app\Controllers\TiketController.php(109): CodeIgniter\Debug\Exceptions->errorHandler(2, 'Trying to acces...', 'C:\\xampp\\htdocs...', 109)
#1 C:\xampp\htdocs\tiketbus\system\CodeIgniter.php(832): App\Controllers\TiketController->batal()
#2 C:\xampp\htdocs\tiketbus\system\CodeIgniter.php(419): CodeIgniter\CodeIgniter->runController(Object(App\Controllers\TiketController))
#3 C:\xampp\htdocs\tiketbus\system\CodeIgniter.php(326): CodeIgniter\CodeIgniter->handleRequest(NULL, Object(Config\Cache), false)
#4 C:\xampp\htdocs\tiketbus\public\index.php(37): CodeIgniter\CodeIgniter->run()
#5 {main}
CRITICAL - 2022-06-24 05:24:31 --> Trying to access array offset on value of type null
#0 C:\xampp\htdocs\tiketbus\app\Controllers\TiketController.php(109): CodeIgniter\Debug\Exceptions->errorHandler(2, 'Trying to acces...', 'C:\\xampp\\htdocs...', 109)
#1 C:\xampp\htdocs\tiketbus\system\CodeIgniter.php(832): App\Controllers\TiketController->batal()
#2 C:\xampp\htdocs\tiketbus\system\CodeIgniter.php(419): CodeIgniter\CodeIgniter->runController(Object(App\Controllers\TiketController))
#3 C:\xampp\htdocs\tiketbus\system\CodeIgniter.php(326): CodeIgniter\CodeIgniter->handleRequest(NULL, Object(Config\Cache), false)
#4 C:\xampp\htdocs\tiketbus\public\index.php(37): CodeIgniter\CodeIgniter->run()
#5 {main}
CRITICAL - 2022-06-24 05:24:31 --> Trying to access array offset on value of type null
#0 C:\xampp\htdocs\tiketbus\app\Controllers\TiketController.php(109): CodeIgniter\Debug\Exceptions->errorHandler(2, 'Trying to acces...', 'C:\\xampp\\htdocs...', 109)
#1 C:\xampp\htdocs\tiketbus\system\CodeIgniter.php(832): App\Controllers\TiketController->batal()
#2 C:\xampp\htdocs\tiketbus\system\CodeIgniter.php(419): CodeIgniter\CodeIgniter->runController(Object(App\Controllers\TiketController))
#3 C:\xampp\htdocs\tiketbus\system\CodeIgniter.php(326): CodeIgniter\CodeIgniter->handleRequest(NULL, Object(Config\Cache), false)
#4 C:\xampp\htdocs\tiketbus\public\index.php(37): CodeIgniter\CodeIgniter->run()
#5 {main}
CRITICAL - 2022-06-24 05:24:31 --> Trying to access array offset on value of type null
#0 C:\xampp\htdocs\tiketbus\app\Controllers\TiketController.php(109): CodeIgniter\Debug\Exceptions->errorHandler(2, 'Trying to acces...', 'C:\\xampp\\htdocs...', 109)
#1 C:\xampp\htdocs\tiketbus\system\CodeIgniter.php(832): App\Controllers\TiketController->batal()
#2 C:\xampp\htdocs\tiketbus\system\CodeIgniter.php(419): CodeIgniter\CodeIgniter->runController(Object(App\Controllers\TiketController))
#3 C:\xampp\htdocs\tiketbus\system\CodeIgniter.php(326): CodeIgniter\CodeIgniter->handleRequest(NULL, Object(Config\Cache), false)
#4 C:\xampp\htdocs\tiketbus\public\index.php(37): CodeIgniter\CodeIgniter->run()
#5 {main}
CRITICAL - 2022-06-24 05:24:31 --> Trying to access array offset on value of type null
#0 C:\xampp\htdocs\tiketbus\app\Controllers\TiketController.php(109): CodeIgniter\Debug\Exceptions->errorHandler(2, 'Trying to acces...', 'C:\\xampp\\htdocs...', 109)
#1 C:\xampp\htdocs\tiketbus\system\CodeIgniter.php(832): App\Controllers\TiketController->batal()
#2 C:\xampp\htdocs\tiketbus\system\CodeIgniter.php(419): CodeIgniter\CodeIgniter->runController(Object(App\Controllers\TiketController))
#3 C:\xampp\htdocs\tiketbus\system\CodeIgniter.php(326): CodeIgniter\CodeIgniter->handleRequest(NULL, Object(Config\Cache), false)
#4 C:\xampp\htdocs\tiketbus\public\index.php(37): CodeIgniter\CodeIgniter->run()
#5 {main}
