CRITICAL - 2022-06-07 01:51:28 --> Class "Tests\Support\Models\UserModel" not found
#0 C:\xampp\htdocs\tiketbus\system\CodeIgniter.php(832): App\Controllers\UserController->index()
#1 C:\xampp\htdocs\tiketbus\system\CodeIgniter.php(419): CodeIgniter\CodeIgniter->runController(Object(App\Controllers\UserController))
#2 C:\xampp\htdocs\tiketbus\system\CodeIgniter.php(326): CodeIgniter\CodeIgniter->handleRequest(NULL, Object(Config\Cache), false)
#3 C:\xampp\htdocs\tiketbus\public\index.php(37): CodeIgniter\CodeIgniter->run()
#4 {main}
CRITICAL - 2022-06-07 02:06:26 --> Array to string conversion
#0 C:\xampp\htdocs\tiketbus\app\Controllers\UserController.php(24): CodeIgniter\Debug\Exceptions->errorHandler(2, 'Array to string...', 'C:\\xampp\\htdocs...', 24)
#1 C:\xampp\htdocs\tiketbus\system\CodeIgniter.php(832): App\Controllers\UserController->login()
#2 C:\xampp\htdocs\tiketbus\system\CodeIgniter.php(419): CodeIgniter\CodeIgniter->runController(Object(App\Controllers\UserController))
#3 C:\xampp\htdocs\tiketbus\system\CodeIgniter.php(326): CodeIgniter\CodeIgniter->handleRequest(NULL, Object(Config\Cache), false)
#4 C:\xampp\htdocs\tiketbus\public\index.php(37): CodeIgniter\CodeIgniter->run()
#5 {main}
ERROR - 2022-06-07 02:59:55 --> Illegal parameter data types varchar and row for operation '='
CRITICAL - 2022-06-07 02:59:55 --> Illegal parameter data types varchar and row for operation '='
#0 C:\xampp\htdocs\tiketbus\system\Database\MySQLi\Connection.php(292): mysqli->query('SELECT *\nFROM `...', 0)
#1 C:\xampp\htdocs\tiketbus\system\Database\BaseConnection.php(670): CodeIgniter\Database\MySQLi\Connection->execute('SELECT *\nFROM `...')
#2 C:\xampp\htdocs\tiketbus\system\Database\BaseConnection.php(598): CodeIgniter\Database\BaseConnection->simpleQuery('SELECT *\nFROM `...')
#3 C:\xampp\htdocs\tiketbus\system\Database\BaseBuilder.php(1588): CodeIgniter\Database\BaseConnection->query('SELECT *\nFROM `...', Array, false)
#4 C:\xampp\htdocs\tiketbus\app\Models\UserModel.php(31): CodeIgniter\Database\BaseBuilder->getWhere(Array)
#5 C:\xampp\htdocs\tiketbus\app\Controllers\UserController.php(24): App\Models\UserModel->cekData(Array)
#6 C:\xampp\htdocs\tiketbus\system\CodeIgniter.php(832): App\Controllers\UserController->login()
#7 C:\xampp\htdocs\tiketbus\system\CodeIgniter.php(419): CodeIgniter\CodeIgniter->runController(Object(App\Controllers\UserController))
#8 C:\xampp\htdocs\tiketbus\system\CodeIgniter.php(326): CodeIgniter\CodeIgniter->handleRequest(NULL, Object(Config\Cache), false)
#9 C:\xampp\htdocs\tiketbus\public\index.php(37): CodeIgniter\CodeIgniter->run()
#10 {main}
ERROR - 2022-06-07 03:00:04 --> Illegal parameter data types varchar and row for operation '='
CRITICAL - 2022-06-07 03:00:04 --> Illegal parameter data types varchar and row for operation '='
#0 C:\xampp\htdocs\tiketbus\system\Database\MySQLi\Connection.php(292): mysqli->query('SELECT *\nFROM `...', 0)
#1 C:\xampp\htdocs\tiketbus\system\Database\BaseConnection.php(670): CodeIgniter\Database\MySQLi\Connection->execute('SELECT *\nFROM `...')
#2 C:\xampp\htdocs\tiketbus\system\Database\BaseConnection.php(598): CodeIgniter\Database\BaseConnection->simpleQuery('SELECT *\nFROM `...')
#3 C:\xampp\htdocs\tiketbus\system\Database\BaseBuilder.php(1588): CodeIgniter\Database\BaseConnection->query('SELECT *\nFROM `...', Array, false)
#4 C:\xampp\htdocs\tiketbus\app\Models\UserModel.php(31): CodeIgniter\Database\BaseBuilder->getWhere(Array)
#5 C:\xampp\htdocs\tiketbus\app\Controllers\UserController.php(24): App\Models\UserModel->cekData(Array)
#6 C:\xampp\htdocs\tiketbus\system\CodeIgniter.php(832): App\Controllers\UserController->login()
#7 C:\xampp\htdocs\tiketbus\system\CodeIgniter.php(419): CodeIgniter\CodeIgniter->runController(Object(App\Controllers\UserController))
#8 C:\xampp\htdocs\tiketbus\system\CodeIgniter.php(326): CodeIgniter\CodeIgniter->handleRequest(NULL, Object(Config\Cache), false)
#9 C:\xampp\htdocs\tiketbus\public\index.php(37): CodeIgniter\CodeIgniter->run()
#10 {main}
ERROR - 2022-06-07 03:00:36 --> Illegal parameter data types varchar and row for operation '='
CRITICAL - 2022-06-07 03:00:36 --> Illegal parameter data types varchar and row for operation '='
#0 C:\xampp\htdocs\tiketbus\system\Database\MySQLi\Connection.php(292): mysqli->query('SELECT *\nFROM `...', 0)
#1 C:\xampp\htdocs\tiketbus\system\Database\BaseConnection.php(670): CodeIgniter\Database\MySQLi\Connection->execute('SELECT *\nFROM `...')
#2 C:\xampp\htdocs\tiketbus\system\Database\BaseConnection.php(598): CodeIgniter\Database\BaseConnection->simpleQuery('SELECT *\nFROM `...')
#3 C:\xampp\htdocs\tiketbus\system\Database\BaseBuilder.php(1588): CodeIgniter\Database\BaseConnection->query('SELECT *\nFROM `...', Array, false)
#4 C:\xampp\htdocs\tiketbus\app\Models\UserModel.php(31): CodeIgniter\Database\BaseBuilder->getWhere(Array)
#5 C:\xampp\htdocs\tiketbus\app\Controllers\UserController.php(24): App\Models\UserModel->cekData(Array)
#6 C:\xampp\htdocs\tiketbus\system\CodeIgniter.php(832): App\Controllers\UserController->login()
#7 C:\xampp\htdocs\tiketbus\system\CodeIgniter.php(419): CodeIgniter\CodeIgniter->runController(Object(App\Controllers\UserController))
#8 C:\xampp\htdocs\tiketbus\system\CodeIgniter.php(326): CodeIgniter\CodeIgniter->handleRequest(NULL, Object(Config\Cache), false)
#9 C:\xampp\htdocs\tiketbus\public\index.php(37): CodeIgniter\CodeIgniter->run()
#10 {main}
ERROR - 2022-06-07 03:02:16 --> Illegal parameter data types varchar and row for operation '='
CRITICAL - 2022-06-07 03:02:16 --> Illegal parameter data types varchar and row for operation '='
#0 C:\xampp\htdocs\tiketbus\system\Database\MySQLi\Connection.php(292): mysqli->query('SELECT *\nFROM `...', 0)
#1 C:\xampp\htdocs\tiketbus\system\Database\BaseConnection.php(670): CodeIgniter\Database\MySQLi\Connection->execute('SELECT *\nFROM `...')
#2 C:\xampp\htdocs\tiketbus\system\Database\BaseConnection.php(598): CodeIgniter\Database\BaseConnection->simpleQuery('SELECT *\nFROM `...')
#3 C:\xampp\htdocs\tiketbus\system\Database\BaseBuilder.php(1588): CodeIgniter\Database\BaseConnection->query('SELECT *\nFROM `...', Array, false)
#4 C:\xampp\htdocs\tiketbus\app\Models\UserModel.php(31): CodeIgniter\Database\BaseBuilder->getWhere(Array)
#5 C:\xampp\htdocs\tiketbus\app\Controllers\UserController.php(24): App\Models\UserModel->cekData(Array)
#6 C:\xampp\htdocs\tiketbus\system\CodeIgniter.php(832): App\Controllers\UserController->login()
#7 C:\xampp\htdocs\tiketbus\system\CodeIgniter.php(419): CodeIgniter\CodeIgniter->runController(Object(App\Controllers\UserController))
#8 C:\xampp\htdocs\tiketbus\system\CodeIgniter.php(326): CodeIgniter\CodeIgniter->handleRequest(NULL, Object(Config\Cache), false)
#9 C:\xampp\htdocs\tiketbus\public\index.php(37): CodeIgniter\CodeIgniter->run()
#10 {main}
ERROR - 2022-06-07 03:02:23 --> Illegal parameter data types varchar and row for operation '='
CRITICAL - 2022-06-07 03:02:23 --> Illegal parameter data types varchar and row for operation '='
#0 C:\xampp\htdocs\tiketbus\system\Database\MySQLi\Connection.php(292): mysqli->query('SELECT *\nFROM `...', 0)
#1 C:\xampp\htdocs\tiketbus\system\Database\BaseConnection.php(670): CodeIgniter\Database\MySQLi\Connection->execute('SELECT *\nFROM `...')
#2 C:\xampp\htdocs\tiketbus\system\Database\BaseConnection.php(598): CodeIgniter\Database\BaseConnection->simpleQuery('SELECT *\nFROM `...')
#3 C:\xampp\htdocs\tiketbus\system\Database\BaseBuilder.php(1588): CodeIgniter\Database\BaseConnection->query('SELECT *\nFROM `...', Array, false)
#4 C:\xampp\htdocs\tiketbus\app\Models\UserModel.php(31): CodeIgniter\Database\BaseBuilder->getWhere(Array)
#5 C:\xampp\htdocs\tiketbus\app\Controllers\UserController.php(24): App\Models\UserModel->cekData(Array)
#6 C:\xampp\htdocs\tiketbus\system\CodeIgniter.php(832): App\Controllers\UserController->login()
#7 C:\xampp\htdocs\tiketbus\system\CodeIgniter.php(419): CodeIgniter\CodeIgniter->runController(Object(App\Controllers\UserController))
#8 C:\xampp\htdocs\tiketbus\system\CodeIgniter.php(326): CodeIgniter\CodeIgniter->handleRequest(NULL, Object(Config\Cache), false)
#9 C:\xampp\htdocs\tiketbus\public\index.php(37): CodeIgniter\CodeIgniter->run()
#10 {main}
CRITICAL - 2022-06-07 03:03:14 --> Undefined array key "name"
#0 C:\xampp\htdocs\tiketbus\app\Controllers\UserController.php(31): CodeIgniter\Debug\Exceptions->errorHandler(2, 'Undefined array...', 'C:\\xampp\\htdocs...', 31)
#1 C:\xampp\htdocs\tiketbus\system\CodeIgniter.php(832): App\Controllers\UserController->login()
#2 C:\xampp\htdocs\tiketbus\system\CodeIgniter.php(419): CodeIgniter\CodeIgniter->runController(Object(App\Controllers\UserController))
#3 C:\xampp\htdocs\tiketbus\system\CodeIgniter.php(326): CodeIgniter\CodeIgniter->handleRequest(NULL, Object(Config\Cache), false)
#4 C:\xampp\htdocs\tiketbus\public\index.php(37): CodeIgniter\CodeIgniter->run()
#5 {main}
CRITICAL - 2022-06-07 03:03:31 --> Undefined array key "name"
#0 C:\xampp\htdocs\tiketbus\app\Controllers\UserController.php(31): CodeIgniter\Debug\Exceptions->errorHandler(2, 'Undefined array...', 'C:\\xampp\\htdocs...', 31)
#1 C:\xampp\htdocs\tiketbus\system\CodeIgniter.php(832): App\Controllers\UserController->login()
#2 C:\xampp\htdocs\tiketbus\system\CodeIgniter.php(419): CodeIgniter\CodeIgniter->runController(Object(App\Controllers\UserController))
#3 C:\xampp\htdocs\tiketbus\system\CodeIgniter.php(326): CodeIgniter\CodeIgniter->handleRequest(NULL, Object(Config\Cache), false)
#4 C:\xampp\htdocs\tiketbus\public\index.php(37): CodeIgniter\CodeIgniter->run()
#5 {main}
CRITICAL - 2022-06-07 03:05:18 --> Undefined array key "name"
#0 C:\xampp\htdocs\tiketbus\app\Controllers\UserController.php(31): CodeIgniter\Debug\Exceptions->errorHandler(2, 'Undefined array...', 'C:\\xampp\\htdocs...', 31)
#1 C:\xampp\htdocs\tiketbus\system\CodeIgniter.php(832): App\Controllers\UserController->login()
#2 C:\xampp\htdocs\tiketbus\system\CodeIgniter.php(419): CodeIgniter\CodeIgniter->runController(Object(App\Controllers\UserController))
#3 C:\xampp\htdocs\tiketbus\system\CodeIgniter.php(326): CodeIgniter\CodeIgniter->handleRequest(NULL, Object(Config\Cache), false)
#4 C:\xampp\htdocs\tiketbus\public\index.php(37): CodeIgniter\CodeIgniter->run()
#5 {main}
CRITICAL - 2022-06-07 03:07:00 --> Undefined array key "name"
#0 C:\xampp\htdocs\tiketbus\app\Controllers\UserController.php(31): CodeIgniter\Debug\Exceptions->errorHandler(2, 'Undefined array...', 'C:\\xampp\\htdocs...', 31)
#1 C:\xampp\htdocs\tiketbus\system\CodeIgniter.php(832): App\Controllers\UserController->login()
#2 C:\xampp\htdocs\tiketbus\system\CodeIgniter.php(419): CodeIgniter\CodeIgniter->runController(Object(App\Controllers\UserController))
#3 C:\xampp\htdocs\tiketbus\system\CodeIgniter.php(326): CodeIgniter\CodeIgniter->handleRequest(NULL, Object(Config\Cache), false)
#4 C:\xampp\htdocs\tiketbus\public\index.php(37): CodeIgniter\CodeIgniter->run()
#5 {main}
CRITICAL - 2022-06-07 03:09:03 --> Undefined array key "name"
#0 C:\xampp\htdocs\tiketbus\app\Controllers\UserController.php(31): CodeIgniter\Debug\Exceptions->errorHandler(2, 'Undefined array...', 'C:\\xampp\\htdocs...', 31)
#1 C:\xampp\htdocs\tiketbus\system\CodeIgniter.php(832): App\Controllers\UserController->login()
#2 C:\xampp\htdocs\tiketbus\system\CodeIgniter.php(419): CodeIgniter\CodeIgniter->runController(Object(App\Controllers\UserController))
#3 C:\xampp\htdocs\tiketbus\system\CodeIgniter.php(326): CodeIgniter\CodeIgniter->handleRequest(NULL, Object(Config\Cache), false)
#4 C:\xampp\htdocs\tiketbus\public\index.php(37): CodeIgniter\CodeIgniter->run()
#5 {main}
CRITICAL - 2022-06-07 03:09:08 --> Undefined array key "name"
#0 C:\xampp\htdocs\tiketbus\app\Controllers\UserController.php(31): CodeIgniter\Debug\Exceptions->errorHandler(2, 'Undefined array...', 'C:\\xampp\\htdocs...', 31)
#1 C:\xampp\htdocs\tiketbus\system\CodeIgniter.php(832): App\Controllers\UserController->login()
#2 C:\xampp\htdocs\tiketbus\system\CodeIgniter.php(419): CodeIgniter\CodeIgniter->runController(Object(App\Controllers\UserController))
#3 C:\xampp\htdocs\tiketbus\system\CodeIgniter.php(326): CodeIgniter\CodeIgniter->handleRequest(NULL, Object(Config\Cache), false)
#4 C:\xampp\htdocs\tiketbus\public\index.php(37): CodeIgniter\CodeIgniter->run()
#5 {main}
CRITICAL - 2022-06-07 03:10:27 --> Undefined array key "name"
#0 C:\xampp\htdocs\tiketbus\app\Controllers\UserController.php(33): CodeIgniter\Debug\Exceptions->errorHandler(2, 'Undefined array...', 'C:\\xampp\\htdocs...', 33)
#1 C:\xampp\htdocs\tiketbus\system\CodeIgniter.php(832): App\Controllers\UserController->login()
#2 C:\xampp\htdocs\tiketbus\system\CodeIgniter.php(419): CodeIgniter\CodeIgniter->runController(Object(App\Controllers\UserController))
#3 C:\xampp\htdocs\tiketbus\system\CodeIgniter.php(326): CodeIgniter\CodeIgniter->handleRequest(NULL, Object(Config\Cache), false)
#4 C:\xampp\htdocs\tiketbus\public\index.php(37): CodeIgniter\CodeIgniter->run()
#5 {main}
CRITICAL - 2022-06-07 03:15:28 --> Undefined array key "name"
#0 C:\xampp\htdocs\tiketbus\app\Controllers\UserController.php(33): CodeIgniter\Debug\Exceptions->errorHandler(2, 'Undefined array...', 'C:\\xampp\\htdocs...', 33)
#1 C:\xampp\htdocs\tiketbus\system\CodeIgniter.php(832): App\Controllers\UserController->login()
#2 C:\xampp\htdocs\tiketbus\system\CodeIgniter.php(419): CodeIgniter\CodeIgniter->runController(Object(App\Controllers\UserController))
#3 C:\xampp\htdocs\tiketbus\system\CodeIgniter.php(326): CodeIgniter\CodeIgniter->handleRequest(NULL, Object(Config\Cache), false)
#4 C:\xampp\htdocs\tiketbus\public\index.php(37): CodeIgniter\CodeIgniter->run()
#5 {main}
CRITICAL - 2022-06-07 03:30:17 --> 1 is not a valid HTTP return status code
#0 C:\xampp\htdocs\tiketbus\system\HTTP\ResponseTrait.php(151): CodeIgniter\HTTP\Exceptions\HTTPException::forInvalidStatusCode(1)
#1 C:\xampp\htdocs\tiketbus\system\API\ResponseTrait.php(104): CodeIgniter\HTTP\Response->setStatusCode(1, 'ok')
#2 C:\xampp\htdocs\tiketbus\app\Controllers\UserController.php(30): App\Controllers\UserController->respond(200, 1, 'ok')
#3 C:\xampp\htdocs\tiketbus\system\CodeIgniter.php(832): App\Controllers\UserController->login()
#4 C:\xampp\htdocs\tiketbus\system\CodeIgniter.php(419): CodeIgniter\CodeIgniter->runController(Object(App\Controllers\UserController))
#5 C:\xampp\htdocs\tiketbus\system\CodeIgniter.php(326): CodeIgniter\CodeIgniter->handleRequest(NULL, Object(Config\Cache), false)
#6 C:\xampp\htdocs\tiketbus\public\index.php(37): CodeIgniter\CodeIgniter->run()
#7 {main}
CRITICAL - 2022-06-07 03:33:01 --> Undefined array key "name"
#0 C:\xampp\htdocs\tiketbus\app\Controllers\UserController.php(31): CodeIgniter\Debug\Exceptions->errorHandler(2, 'Undefined array...', 'C:\\xampp\\htdocs...', 31)
#1 C:\xampp\htdocs\tiketbus\system\CodeIgniter.php(832): App\Controllers\UserController->login()
#2 C:\xampp\htdocs\tiketbus\system\CodeIgniter.php(419): CodeIgniter\CodeIgniter->runController(Object(App\Controllers\UserController))
#3 C:\xampp\htdocs\tiketbus\system\CodeIgniter.php(326): CodeIgniter\CodeIgniter->handleRequest(NULL, Object(Config\Cache), false)
#4 C:\xampp\htdocs\tiketbus\public\index.php(37): CodeIgniter\CodeIgniter->run()
#5 {main}
CRITICAL - 2022-06-07 03:38:41 --> Undefined array key "name"
#0 C:\xampp\htdocs\tiketbus\app\Controllers\UserController.php(31): CodeIgniter\Debug\Exceptions->errorHandler(2, 'Undefined array...', 'C:\\xampp\\htdocs...', 31)
#1 C:\xampp\htdocs\tiketbus\system\CodeIgniter.php(832): App\Controllers\UserController->login()
#2 C:\xampp\htdocs\tiketbus\system\CodeIgniter.php(419): CodeIgniter\CodeIgniter->runController(Object(App\Controllers\UserController))
#3 C:\xampp\htdocs\tiketbus\system\CodeIgniter.php(326): CodeIgniter\CodeIgniter->handleRequest(NULL, Object(Config\Cache), false)
#4 C:\xampp\htdocs\tiketbus\public\index.php(37): CodeIgniter\CodeIgniter->run()
#5 {main}
CRITICAL - 2022-06-07 03:52:21 --> 1 is not a valid HTTP return status code
#0 C:\xampp\htdocs\tiketbus\system\HTTP\ResponseTrait.php(151): CodeIgniter\HTTP\Exceptions\HTTPException::forInvalidStatusCode(1)
#1 C:\xampp\htdocs\tiketbus\system\API\ResponseTrait.php(104): CodeIgniter\HTTP\Response->setStatusCode(1, '200')
#2 C:\xampp\htdocs\tiketbus\app\Controllers\UserController.php(34): App\Controllers\UserController->respond(Array, 1, '200')
#3 C:\xampp\htdocs\tiketbus\system\CodeIgniter.php(832): App\Controllers\UserController->login()
#4 C:\xampp\htdocs\tiketbus\system\CodeIgniter.php(419): CodeIgniter\CodeIgniter->runController(Object(App\Controllers\UserController))
#5 C:\xampp\htdocs\tiketbus\system\CodeIgniter.php(326): CodeIgniter\CodeIgniter->handleRequest(NULL, Object(Config\Cache), false)
#6 C:\xampp\htdocs\tiketbus\public\index.php(37): CodeIgniter\CodeIgniter->run()
#7 {main}
CRITICAL - 2022-06-07 04:11:01 --> syntax error, unexpected token "}", expecting ";"
#0 C:\xampp\htdocs\tiketbus\system\Router\Router.php(175): CodeIgniter\Router\Router->autoRoute('Usercontroller/...')
#1 C:\xampp\htdocs\tiketbus\system\CodeIgniter.php(726): CodeIgniter\Router\Router->handle('Usercontroller/...')
#2 C:\xampp\htdocs\tiketbus\system\CodeIgniter.php(368): CodeIgniter\CodeIgniter->tryToRouteIt(Object(CodeIgniter\Router\RouteCollection))
#3 C:\xampp\htdocs\tiketbus\system\CodeIgniter.php(326): CodeIgniter\CodeIgniter->handleRequest(NULL, Object(Config\Cache), false)
#4 C:\xampp\htdocs\tiketbus\public\index.php(37): CodeIgniter\CodeIgniter->run()
#5 {main}
CRITICAL - 2022-06-07 04:16:17 --> Allowed fields must be specified for model: App\Models\UserModel
#0 C:\xampp\htdocs\tiketbus\system\BaseModel.php(1138): CodeIgniter\Database\Exceptions\DataException::forInvalidAllowedFields('App\\Models\\User...')
#1 C:\xampp\htdocs\tiketbus\system\BaseModel.php(713): CodeIgniter\BaseModel->doProtectFields(Array)
#2 C:\xampp\htdocs\tiketbus\system\Model.php(625): CodeIgniter\BaseModel->insert(Array, false)
#3 C:\xampp\htdocs\tiketbus\system\BaseModel.php(658): CodeIgniter\Model->insert(Array, false)
#4 C:\xampp\htdocs\tiketbus\app\Controllers\UserController.php(65): CodeIgniter\BaseModel->save(Array)
#5 C:\xampp\htdocs\tiketbus\system\CodeIgniter.php(832): App\Controllers\UserController->register()
#6 C:\xampp\htdocs\tiketbus\system\CodeIgniter.php(419): CodeIgniter\CodeIgniter->runController(Object(App\Controllers\UserController))
#7 C:\xampp\htdocs\tiketbus\system\CodeIgniter.php(326): CodeIgniter\CodeIgniter->handleRequest(NULL, Object(Config\Cache), false)
#8 C:\xampp\htdocs\tiketbus\public\index.php(37): CodeIgniter\CodeIgniter->run()
#9 {main}
