CRITICAL - 2022-06-23 00:23:13 --> Array to string conversion
#0 C:\xampp\htdocs\tiketbus\app\Controllers\Login.php(31): CodeIgniter\Debug\Exceptions->errorHandler(2, 'Array to string...', 'C:\\xampp\\htdocs...', 31)
#1 C:\xampp\htdocs\tiketbus\app\Controllers\Login.php(20): App\Controllers\Login->_login()
#2 C:\xampp\htdocs\tiketbus\system\CodeIgniter.php(832): App\Controllers\Login->index()
#3 C:\xampp\htdocs\tiketbus\system\CodeIgniter.php(419): CodeIgniter\CodeIgniter->runController(Object(App\Controllers\Login))
#4 C:\xampp\htdocs\tiketbus\system\CodeIgniter.php(326): CodeIgniter\CodeIgniter->handleRequest(NULL, Object(Config\Cache), false)
#5 C:\xampp\htdocs\tiketbus\public\index.php(37): CodeIgniter\CodeIgniter->run()
#6 C:\xampp\htdocs\tiketbus\system\Commands\Server\rewrite.php(43): require_once('C:\\xampp\\htdocs...')
#7 {main}
CRITICAL - 2022-06-23 00:23:54 --> Undefined array key "name"
#0 C:\xampp\htdocs\tiketbus\app\Controllers\Login.php(31): CodeIgniter\Debug\Exceptions->errorHandler(2, 'Undefined array...', 'C:\\xampp\\htdocs...', 31)
#1 C:\xampp\htdocs\tiketbus\app\Controllers\Login.php(20): App\Controllers\Login->_login()
#2 C:\xampp\htdocs\tiketbus\system\CodeIgniter.php(832): App\Controllers\Login->index()
#3 C:\xampp\htdocs\tiketbus\system\CodeIgniter.php(419): CodeIgniter\CodeIgniter->runController(Object(App\Controllers\Login))
#4 C:\xampp\htdocs\tiketbus\system\CodeIgniter.php(326): CodeIgniter\CodeIgniter->handleRequest(NULL, Object(Config\Cache), false)
#5 C:\xampp\htdocs\tiketbus\public\index.php(37): CodeIgniter\CodeIgniter->run()
#6 C:\xampp\htdocs\tiketbus\system\Commands\Server\rewrite.php(43): require_once('C:\\xampp\\htdocs...')
#7 {main}
CRITICAL - 2022-06-23 01:14:49 --> Undefined array key "email"
#0 C:\xampp\htdocs\tiketbus\app\Controllers\Login.php(47): CodeIgniter\Debug\Exceptions->errorHandler(2, 'Undefined array...', 'C:\\xampp\\htdocs...', 47)
#1 C:\xampp\htdocs\tiketbus\app\Controllers\Login.php(20): App\Controllers\Login->_login()
#2 C:\xampp\htdocs\tiketbus\system\CodeIgniter.php(832): App\Controllers\Login->index()
#3 C:\xampp\htdocs\tiketbus\system\CodeIgniter.php(419): CodeIgniter\CodeIgniter->runController(Object(App\Controllers\Login))
#4 C:\xampp\htdocs\tiketbus\system\CodeIgniter.php(326): CodeIgniter\CodeIgniter->handleRequest(NULL, Object(Config\Cache), false)
#5 C:\xampp\htdocs\tiketbus\public\index.php(37): CodeIgniter\CodeIgniter->run()
#6 C:\xampp\htdocs\tiketbus\system\Commands\Server\rewrite.php(43): require_once('C:\\xampp\\htdocs...')
#7 {main}
CRITICAL - 2022-06-23 03:27:06 --> Undefined variable $user
#0 C:\xampp\htdocs\tiketbus\app\Views\templates\sidebar.php(60): CodeIgniter\Debug\Exceptions->errorHandler(2, 'Undefined varia...', 'C:\\xampp\\htdocs...', 60)
#1 C:\xampp\htdocs\tiketbus\system\View\View.php(210): include('C:\\xampp\\htdocs...')
#2 C:\xampp\htdocs\tiketbus\system\View\View.php(213): CodeIgniter\View\View->CodeIgniter\View\{closure}()
#3 C:\xampp\htdocs\tiketbus\system\Common.php(1089): CodeIgniter\View\View->render('templates/sideb...', Array, true)
#4 C:\xampp\htdocs\tiketbus\app\Controllers\Admin.php(19): view('templates/sideb...', Array)
#5 C:\xampp\htdocs\tiketbus\system\CodeIgniter.php(832): App\Controllers\Admin->index()
#6 C:\xampp\htdocs\tiketbus\system\CodeIgniter.php(419): CodeIgniter\CodeIgniter->runController(Object(App\Controllers\Admin))
#7 C:\xampp\htdocs\tiketbus\system\CodeIgniter.php(326): CodeIgniter\CodeIgniter->handleRequest(NULL, Object(Config\Cache), false)
#8 C:\xampp\htdocs\tiketbus\public\index.php(37): CodeIgniter\CodeIgniter->run()
#9 C:\xampp\htdocs\tiketbus\system\Commands\Server\rewrite.php(43): require_once('C:\\xampp\\htdocs...')
#10 {main}
CRITICAL - 2022-06-23 03:28:02 --> Undefined variable $user
#0 C:\xampp\htdocs\tiketbus\app\Views\templates\topbar.php(27): CodeIgniter\Debug\Exceptions->errorHandler(2, 'Undefined varia...', 'C:\\xampp\\htdocs...', 27)
#1 C:\xampp\htdocs\tiketbus\system\View\View.php(210): include('C:\\xampp\\htdocs...')
#2 C:\xampp\htdocs\tiketbus\system\View\View.php(213): CodeIgniter\View\View->CodeIgniter\View\{closure}()
#3 C:\xampp\htdocs\tiketbus\system\Common.php(1089): CodeIgniter\View\View->render('templates/topba...', Array, true)
#4 C:\xampp\htdocs\tiketbus\app\Controllers\Admin.php(20): view('templates/topba...', Array)
#5 C:\xampp\htdocs\tiketbus\system\CodeIgniter.php(832): App\Controllers\Admin->index()
#6 C:\xampp\htdocs\tiketbus\system\CodeIgniter.php(419): CodeIgniter\CodeIgniter->runController(Object(App\Controllers\Admin))
#7 C:\xampp\htdocs\tiketbus\system\CodeIgniter.php(326): CodeIgniter\CodeIgniter->handleRequest(NULL, Object(Config\Cache), false)
#8 C:\xampp\htdocs\tiketbus\public\index.php(37): CodeIgniter\CodeIgniter->run()
#9 C:\xampp\htdocs\tiketbus\system\Commands\Server\rewrite.php(43): require_once('C:\\xampp\\htdocs...')
#10 {main}
CRITICAL - 2022-06-23 03:30:44 --> Undefined array key "image"
#0 C:\xampp\htdocs\tiketbus\app\Views\templates\topbar.php(29): CodeIgniter\Debug\Exceptions->errorHandler(2, 'Undefined array...', 'C:\\xampp\\htdocs...', 29)
#1 C:\xampp\htdocs\tiketbus\system\View\View.php(210): include('C:\\xampp\\htdocs...')
#2 C:\xampp\htdocs\tiketbus\system\View\View.php(213): CodeIgniter\View\View->CodeIgniter\View\{closure}()
#3 C:\xampp\htdocs\tiketbus\system\Common.php(1089): CodeIgniter\View\View->render('templates/topba...', Array, true)
#4 C:\xampp\htdocs\tiketbus\app\Controllers\Admin.php(23): view('templates/topba...', Array)
#5 C:\xampp\htdocs\tiketbus\system\CodeIgniter.php(832): App\Controllers\Admin->index()
#6 C:\xampp\htdocs\tiketbus\system\CodeIgniter.php(419): CodeIgniter\CodeIgniter->runController(Object(App\Controllers\Admin))
#7 C:\xampp\htdocs\tiketbus\system\CodeIgniter.php(326): CodeIgniter\CodeIgniter->handleRequest(NULL, Object(Config\Cache), false)
#8 C:\xampp\htdocs\tiketbus\public\index.php(37): CodeIgniter\CodeIgniter->run()
#9 C:\xampp\htdocs\tiketbus\system\Commands\Server\rewrite.php(43): require_once('C:\\xampp\\htdocs...')
#10 {main}
CRITICAL - 2022-06-23 03:31:37 --> Undefined variable $total
#0 C:\xampp\htdocs\tiketbus\app\Views\admin\index.php(24): CodeIgniter\Debug\Exceptions->errorHandler(2, 'Undefined varia...', 'C:\\xampp\\htdocs...', 24)
#1 C:\xampp\htdocs\tiketbus\system\View\View.php(210): include('C:\\xampp\\htdocs...')
#2 C:\xampp\htdocs\tiketbus\system\View\View.php(213): CodeIgniter\View\View->CodeIgniter\View\{closure}()
#3 C:\xampp\htdocs\tiketbus\system\Common.php(1089): CodeIgniter\View\View->render('admin/index', Array, true)
#4 C:\xampp\htdocs\tiketbus\app\Controllers\Admin.php(24): view('admin/index', Array)
#5 C:\xampp\htdocs\tiketbus\system\CodeIgniter.php(832): App\Controllers\Admin->index()
#6 C:\xampp\htdocs\tiketbus\system\CodeIgniter.php(419): CodeIgniter\CodeIgniter->runController(Object(App\Controllers\Admin))
#7 C:\xampp\htdocs\tiketbus\system\CodeIgniter.php(326): CodeIgniter\CodeIgniter->handleRequest(NULL, Object(Config\Cache), false)
#8 C:\xampp\htdocs\tiketbus\public\index.php(37): CodeIgniter\CodeIgniter->run()
#9 C:\xampp\htdocs\tiketbus\system\Commands\Server\rewrite.php(43): require_once('C:\\xampp\\htdocs...')
#10 {main}
CRITICAL - 2022-06-23 03:32:27 --> Undefined variable $total
#0 C:\xampp\htdocs\tiketbus\app\Views\admin\index.php(24): CodeIgniter\Debug\Exceptions->errorHandler(2, 'Undefined varia...', 'C:\\xampp\\htdocs...', 24)
#1 C:\xampp\htdocs\tiketbus\system\View\View.php(210): include('C:\\xampp\\htdocs...')
#2 C:\xampp\htdocs\tiketbus\system\View\View.php(213): CodeIgniter\View\View->CodeIgniter\View\{closure}()
#3 C:\xampp\htdocs\tiketbus\system\Common.php(1089): CodeIgniter\View\View->render('admin/index', Array, true)
#4 C:\xampp\htdocs\tiketbus\app\Controllers\Admin.php(24): view('admin/index', Array)
#5 C:\xampp\htdocs\tiketbus\system\CodeIgniter.php(832): App\Controllers\Admin->index()
#6 C:\xampp\htdocs\tiketbus\system\CodeIgniter.php(419): CodeIgniter\CodeIgniter->runController(Object(App\Controllers\Admin))
#7 C:\xampp\htdocs\tiketbus\system\CodeIgniter.php(326): CodeIgniter\CodeIgniter->handleRequest(NULL, Object(Config\Cache), false)
#8 C:\xampp\htdocs\tiketbus\public\index.php(37): CodeIgniter\CodeIgniter->run()
#9 C:\xampp\htdocs\tiketbus\system\Commands\Server\rewrite.php(43): require_once('C:\\xampp\\htdocs...')
#10 {main}
CRITICAL - 2022-06-23 03:32:42 --> Undefined variable $total
#0 C:\xampp\htdocs\tiketbus\app\Views\admin\index.php(24): CodeIgniter\Debug\Exceptions->errorHandler(2, 'Undefined varia...', 'C:\\xampp\\htdocs...', 24)
#1 C:\xampp\htdocs\tiketbus\system\View\View.php(210): include('C:\\xampp\\htdocs...')
#2 C:\xampp\htdocs\tiketbus\system\View\View.php(213): CodeIgniter\View\View->CodeIgniter\View\{closure}()
#3 C:\xampp\htdocs\tiketbus\system\Common.php(1089): CodeIgniter\View\View->render('admin/index', Array, true)
#4 C:\xampp\htdocs\tiketbus\app\Controllers\Admin.php(24): view('admin/index', Array)
#5 C:\xampp\htdocs\tiketbus\system\CodeIgniter.php(832): App\Controllers\Admin->index()
#6 C:\xampp\htdocs\tiketbus\system\CodeIgniter.php(419): CodeIgniter\CodeIgniter->runController(Object(App\Controllers\Admin))
#7 C:\xampp\htdocs\tiketbus\system\CodeIgniter.php(326): CodeIgniter\CodeIgniter->handleRequest(NULL, Object(Config\Cache), false)
#8 C:\xampp\htdocs\tiketbus\public\index.php(37): CodeIgniter\CodeIgniter->run()
#9 C:\xampp\htdocs\tiketbus\system\Commands\Server\rewrite.php(43): require_once('C:\\xampp\\htdocs...')
#10 {main}
CRITICAL - 2022-06-23 03:32:48 --> Undefined variable $total
#0 C:\xampp\htdocs\tiketbus\app\Views\admin\index.php(24): CodeIgniter\Debug\Exceptions->errorHandler(2, 'Undefined varia...', 'C:\\xampp\\htdocs...', 24)
#1 C:\xampp\htdocs\tiketbus\system\View\View.php(210): include('C:\\xampp\\htdocs...')
#2 C:\xampp\htdocs\tiketbus\system\View\View.php(213): CodeIgniter\View\View->CodeIgniter\View\{closure}()
#3 C:\xampp\htdocs\tiketbus\system\Common.php(1089): CodeIgniter\View\View->render('admin/index', Array, true)
#4 C:\xampp\htdocs\tiketbus\app\Controllers\Admin.php(24): view('admin/index', Array)
#5 C:\xampp\htdocs\tiketbus\system\CodeIgniter.php(832): App\Controllers\Admin->index()
#6 C:\xampp\htdocs\tiketbus\system\CodeIgniter.php(419): CodeIgniter\CodeIgniter->runController(Object(App\Controllers\Admin))
#7 C:\xampp\htdocs\tiketbus\system\CodeIgniter.php(326): CodeIgniter\CodeIgniter->handleRequest(NULL, Object(Config\Cache), false)
#8 C:\xampp\htdocs\tiketbus\public\index.php(37): CodeIgniter\CodeIgniter->run()
#9 C:\xampp\htdocs\tiketbus\system\Commands\Server\rewrite.php(43): require_once('C:\\xampp\\htdocs...')
#10 {main}
CRITICAL - 2022-06-23 03:32:53 --> Undefined variable $total
#0 C:\xampp\htdocs\tiketbus\app\Views\admin\index.php(24): CodeIgniter\Debug\Exceptions->errorHandler(2, 'Undefined varia...', 'C:\\xampp\\htdocs...', 24)
#1 C:\xampp\htdocs\tiketbus\system\View\View.php(210): include('C:\\xampp\\htdocs...')
#2 C:\xampp\htdocs\tiketbus\system\View\View.php(213): CodeIgniter\View\View->CodeIgniter\View\{closure}()
#3 C:\xampp\htdocs\tiketbus\system\Common.php(1089): CodeIgniter\View\View->render('admin/index', Array, true)
#4 C:\xampp\htdocs\tiketbus\app\Controllers\Admin.php(24): view('admin/index', Array)
#5 C:\xampp\htdocs\tiketbus\system\CodeIgniter.php(832): App\Controllers\Admin->index()
#6 C:\xampp\htdocs\tiketbus\system\CodeIgniter.php(419): CodeIgniter\CodeIgniter->runController(Object(App\Controllers\Admin))
#7 C:\xampp\htdocs\tiketbus\system\CodeIgniter.php(326): CodeIgniter\CodeIgniter->handleRequest(NULL, Object(Config\Cache), false)
#8 C:\xampp\htdocs\tiketbus\public\index.php(37): CodeIgniter\CodeIgniter->run()
#9 C:\xampp\htdocs\tiketbus\system\Commands\Server\rewrite.php(43): require_once('C:\\xampp\\htdocs...')
#10 {main}
CRITICAL - 2022-06-23 03:32:59 --> Undefined variable $total
#0 C:\xampp\htdocs\tiketbus\app\Views\admin\index.php(24): CodeIgniter\Debug\Exceptions->errorHandler(2, 'Undefined varia...', 'C:\\xampp\\htdocs...', 24)
#1 C:\xampp\htdocs\tiketbus\system\View\View.php(210): include('C:\\xampp\\htdocs...')
#2 C:\xampp\htdocs\tiketbus\system\View\View.php(213): CodeIgniter\View\View->CodeIgniter\View\{closure}()
#3 C:\xampp\htdocs\tiketbus\system\Common.php(1089): CodeIgniter\View\View->render('admin/index', Array, true)
#4 C:\xampp\htdocs\tiketbus\app\Controllers\Admin.php(24): view('admin/index', Array)
#5 C:\xampp\htdocs\tiketbus\system\CodeIgniter.php(832): App\Controllers\Admin->index()
#6 C:\xampp\htdocs\tiketbus\system\CodeIgniter.php(419): CodeIgniter\CodeIgniter->runController(Object(App\Controllers\Admin))
#7 C:\xampp\htdocs\tiketbus\system\CodeIgniter.php(326): CodeIgniter\CodeIgniter->handleRequest(NULL, Object(Config\Cache), false)
#8 C:\xampp\htdocs\tiketbus\public\index.php(37): CodeIgniter\CodeIgniter->run()
#9 C:\xampp\htdocs\tiketbus\system\Commands\Server\rewrite.php(43): require_once('C:\\xampp\\htdocs...')
#10 {main}
CRITICAL - 2022-06-23 03:33:07 --> Undefined variable $total
#0 C:\xampp\htdocs\tiketbus\app\Views\admin\index.php(24): CodeIgniter\Debug\Exceptions->errorHandler(2, 'Undefined varia...', 'C:\\xampp\\htdocs...', 24)
#1 C:\xampp\htdocs\tiketbus\system\View\View.php(210): include('C:\\xampp\\htdocs...')
#2 C:\xampp\htdocs\tiketbus\system\View\View.php(213): CodeIgniter\View\View->CodeIgniter\View\{closure}()
#3 C:\xampp\htdocs\tiketbus\system\Common.php(1089): CodeIgniter\View\View->render('admin/index', Array, true)
#4 C:\xampp\htdocs\tiketbus\app\Controllers\Admin.php(24): view('admin/index', Array)
#5 C:\xampp\htdocs\tiketbus\system\CodeIgniter.php(832): App\Controllers\Admin->index()
#6 C:\xampp\htdocs\tiketbus\system\CodeIgniter.php(419): CodeIgniter\CodeIgniter->runController(Object(App\Controllers\Admin))
#7 C:\xampp\htdocs\tiketbus\system\CodeIgniter.php(326): CodeIgniter\CodeIgniter->handleRequest(NULL, Object(Config\Cache), false)
#8 C:\xampp\htdocs\tiketbus\public\index.php(37): CodeIgniter\CodeIgniter->run()
#9 C:\xampp\htdocs\tiketbus\system\Commands\Server\rewrite.php(43): require_once('C:\\xampp\\htdocs...')
#10 {main}
CRITICAL - 2022-06-23 03:33:11 --> Undefined variable $total
#0 C:\xampp\htdocs\tiketbus\app\Views\admin\index.php(24): CodeIgniter\Debug\Exceptions->errorHandler(2, 'Undefined varia...', 'C:\\xampp\\htdocs...', 24)
#1 C:\xampp\htdocs\tiketbus\system\View\View.php(210): include('C:\\xampp\\htdocs...')
#2 C:\xampp\htdocs\tiketbus\system\View\View.php(213): CodeIgniter\View\View->CodeIgniter\View\{closure}()
#3 C:\xampp\htdocs\tiketbus\system\Common.php(1089): CodeIgniter\View\View->render('admin/index', Array, true)
#4 C:\xampp\htdocs\tiketbus\app\Controllers\Admin.php(24): view('admin/index', Array)
#5 C:\xampp\htdocs\tiketbus\system\CodeIgniter.php(832): App\Controllers\Admin->index()
#6 C:\xampp\htdocs\tiketbus\system\CodeIgniter.php(419): CodeIgniter\CodeIgniter->runController(Object(App\Controllers\Admin))
#7 C:\xampp\htdocs\tiketbus\system\CodeIgniter.php(326): CodeIgniter\CodeIgniter->handleRequest(NULL, Object(Config\Cache), false)
#8 C:\xampp\htdocs\tiketbus\public\index.php(37): CodeIgniter\CodeIgniter->run()
#9 C:\xampp\htdocs\tiketbus\system\Commands\Server\rewrite.php(43): require_once('C:\\xampp\\htdocs...')
#10 {main}
CRITICAL - 2022-06-23 03:33:17 --> Undefined variable $total
#0 C:\xampp\htdocs\tiketbus\app\Views\admin\index.php(24): CodeIgniter\Debug\Exceptions->errorHandler(2, 'Undefined varia...', 'C:\\xampp\\htdocs...', 24)
#1 C:\xampp\htdocs\tiketbus\system\View\View.php(210): include('C:\\xampp\\htdocs...')
#2 C:\xampp\htdocs\tiketbus\system\View\View.php(213): CodeIgniter\View\View->CodeIgniter\View\{closure}()
#3 C:\xampp\htdocs\tiketbus\system\Common.php(1089): CodeIgniter\View\View->render('admin/index', Array, true)
#4 C:\xampp\htdocs\tiketbus\app\Controllers\Admin.php(24): view('admin/index', Array)
#5 C:\xampp\htdocs\tiketbus\system\CodeIgniter.php(832): App\Controllers\Admin->index()
#6 C:\xampp\htdocs\tiketbus\system\CodeIgniter.php(419): CodeIgniter\CodeIgniter->runController(Object(App\Controllers\Admin))
#7 C:\xampp\htdocs\tiketbus\system\CodeIgniter.php(326): CodeIgniter\CodeIgniter->handleRequest(NULL, Object(Config\Cache), false)
#8 C:\xampp\htdocs\tiketbus\public\index.php(37): CodeIgniter\CodeIgniter->run()
#9 C:\xampp\htdocs\tiketbus\system\Commands\Server\rewrite.php(43): require_once('C:\\xampp\\htdocs...')
#10 {main}
CRITICAL - 2022-06-23 03:33:21 --> Undefined variable $total
#0 C:\xampp\htdocs\tiketbus\app\Views\admin\index.php(24): CodeIgniter\Debug\Exceptions->errorHandler(2, 'Undefined varia...', 'C:\\xampp\\htdocs...', 24)
#1 C:\xampp\htdocs\tiketbus\system\View\View.php(210): include('C:\\xampp\\htdocs...')
#2 C:\xampp\htdocs\tiketbus\system\View\View.php(213): CodeIgniter\View\View->CodeIgniter\View\{closure}()
#3 C:\xampp\htdocs\tiketbus\system\Common.php(1089): CodeIgniter\View\View->render('admin/index', Array, true)
#4 C:\xampp\htdocs\tiketbus\app\Controllers\Admin.php(24): view('admin/index', Array)
#5 C:\xampp\htdocs\tiketbus\system\CodeIgniter.php(832): App\Controllers\Admin->index()
#6 C:\xampp\htdocs\tiketbus\system\CodeIgniter.php(419): CodeIgniter\CodeIgniter->runController(Object(App\Controllers\Admin))
#7 C:\xampp\htdocs\tiketbus\system\CodeIgniter.php(326): CodeIgniter\CodeIgniter->handleRequest(NULL, Object(Config\Cache), false)
#8 C:\xampp\htdocs\tiketbus\public\index.php(37): CodeIgniter\CodeIgniter->run()
#9 C:\xampp\htdocs\tiketbus\system\Commands\Server\rewrite.php(43): require_once('C:\\xampp\\htdocs...')
#10 {main}
CRITICAL - 2022-06-23 03:33:27 --> Undefined variable $total
#0 C:\xampp\htdocs\tiketbus\app\Views\admin\index.php(24): CodeIgniter\Debug\Exceptions->errorHandler(2, 'Undefined varia...', 'C:\\xampp\\htdocs...', 24)
#1 C:\xampp\htdocs\tiketbus\system\View\View.php(210): include('C:\\xampp\\htdocs...')
#2 C:\xampp\htdocs\tiketbus\system\View\View.php(213): CodeIgniter\View\View->CodeIgniter\View\{closure}()
#3 C:\xampp\htdocs\tiketbus\system\Common.php(1089): CodeIgniter\View\View->render('admin/index', Array, true)
#4 C:\xampp\htdocs\tiketbus\app\Controllers\Admin.php(24): view('admin/index', Array)
#5 C:\xampp\htdocs\tiketbus\system\CodeIgniter.php(832): App\Controllers\Admin->index()
#6 C:\xampp\htdocs\tiketbus\system\CodeIgniter.php(419): CodeIgniter\CodeIgniter->runController(Object(App\Controllers\Admin))
#7 C:\xampp\htdocs\tiketbus\system\CodeIgniter.php(326): CodeIgniter\CodeIgniter->handleRequest(NULL, Object(Config\Cache), false)
#8 C:\xampp\htdocs\tiketbus\public\index.php(37): CodeIgniter\CodeIgniter->run()
#9 C:\xampp\htdocs\tiketbus\system\Commands\Server\rewrite.php(43): require_once('C:\\xampp\\htdocs...')
#10 {main}
CRITICAL - 2022-06-23 03:34:03 --> Undefined variable $total
#0 C:\xampp\htdocs\tiketbus\app\Views\admin\index.php(24): CodeIgniter\Debug\Exceptions->errorHandler(2, 'Undefined varia...', 'C:\\xampp\\htdocs...', 24)
#1 C:\xampp\htdocs\tiketbus\system\View\View.php(210): include('C:\\xampp\\htdocs...')
#2 C:\xampp\htdocs\tiketbus\system\View\View.php(213): CodeIgniter\View\View->CodeIgniter\View\{closure}()
#3 C:\xampp\htdocs\tiketbus\system\Common.php(1089): CodeIgniter\View\View->render('admin/index', Array, true)
#4 C:\xampp\htdocs\tiketbus\app\Controllers\Admin.php(24): view('admin/index', Array)
#5 C:\xampp\htdocs\tiketbus\system\CodeIgniter.php(832): App\Controllers\Admin->index()
#6 C:\xampp\htdocs\tiketbus\system\CodeIgniter.php(419): CodeIgniter\CodeIgniter->runController(Object(App\Controllers\Admin))
#7 C:\xampp\htdocs\tiketbus\system\CodeIgniter.php(326): CodeIgniter\CodeIgniter->handleRequest(NULL, Object(Config\Cache), false)
#8 C:\xampp\htdocs\tiketbus\public\index.php(37): CodeIgniter\CodeIgniter->run()
#9 C:\xampp\htdocs\tiketbus\system\Commands\Server\rewrite.php(43): require_once('C:\\xampp\\htdocs...')
#10 {main}
CRITICAL - 2022-06-23 03:35:33 --> Undefined variable $total
#0 C:\xampp\htdocs\tiketbus\app\Views\admin\index.php(24): CodeIgniter\Debug\Exceptions->errorHandler(2, 'Undefined varia...', 'C:\\xampp\\htdocs...', 24)
#1 C:\xampp\htdocs\tiketbus\system\View\View.php(210): include('C:\\xampp\\htdocs...')
#2 C:\xampp\htdocs\tiketbus\system\View\View.php(213): CodeIgniter\View\View->CodeIgniter\View\{closure}()
#3 C:\xampp\htdocs\tiketbus\system\Common.php(1089): CodeIgniter\View\View->render('admin/index', Array, true)
#4 C:\xampp\htdocs\tiketbus\app\Controllers\Admin.php(24): view('admin/index', Array)
#5 C:\xampp\htdocs\tiketbus\system\CodeIgniter.php(832): App\Controllers\Admin->index()
#6 C:\xampp\htdocs\tiketbus\system\CodeIgniter.php(419): CodeIgniter\CodeIgniter->runController(Object(App\Controllers\Admin))
#7 C:\xampp\htdocs\tiketbus\system\CodeIgniter.php(326): CodeIgniter\CodeIgniter->handleRequest(NULL, Object(Config\Cache), false)
#8 C:\xampp\htdocs\tiketbus\public\index.php(37): CodeIgniter\CodeIgniter->run()
#9 C:\xampp\htdocs\tiketbus\system\Commands\Server\rewrite.php(43): require_once('C:\\xampp\\htdocs...')
#10 {main}
CRITICAL - 2022-06-23 05:24:52 --> Undefined variable $materi
#0 C:\xampp\htdocs\tiketbus\app\Views\master\asal.php(24): CodeIgniter\Debug\Exceptions->errorHandler(2, 'Undefined varia...', 'C:\\xampp\\htdocs...', 24)
#1 C:\xampp\htdocs\tiketbus\system\View\View.php(210): include('C:\\xampp\\htdocs...')
#2 C:\xampp\htdocs\tiketbus\system\View\View.php(213): CodeIgniter\View\View->CodeIgniter\View\{closure}()
#3 C:\xampp\htdocs\tiketbus\system\Common.php(1089): CodeIgniter\View\View->render('master/asal', Array, true)
#4 C:\xampp\htdocs\tiketbus\app\Controllers\Master.php(30): view('master/asal', Array)
#5 C:\xampp\htdocs\tiketbus\system\CodeIgniter.php(832): App\Controllers\Master->asal()
#6 C:\xampp\htdocs\tiketbus\system\CodeIgniter.php(419): CodeIgniter\CodeIgniter->runController(Object(App\Controllers\Master))
#7 C:\xampp\htdocs\tiketbus\system\CodeIgniter.php(326): CodeIgniter\CodeIgniter->handleRequest(NULL, Object(Config\Cache), false)
#8 C:\xampp\htdocs\tiketbus\public\index.php(37): CodeIgniter\CodeIgniter->run()
#9 C:\xampp\htdocs\tiketbus\system\Commands\Server\rewrite.php(43): require_once('C:\\xampp\\htdocs...')
#10 {main}
CRITICAL - 2022-06-23 05:49:35 --> Undefined variable $m
#0 C:\xampp\htdocs\tiketbus\app\Views\master\asal.php(20): CodeIgniter\Debug\Exceptions->errorHandler(2, 'Undefined varia...', 'C:\\xampp\\htdocs...', 20)
#1 C:\xampp\htdocs\tiketbus\system\View\View.php(210): include('C:\\xampp\\htdocs...')
#2 C:\xampp\htdocs\tiketbus\system\View\View.php(213): CodeIgniter\View\View->CodeIgniter\View\{closure}()
#3 C:\xampp\htdocs\tiketbus\system\Common.php(1089): CodeIgniter\View\View->render('master/asal', Array, true)
#4 C:\xampp\htdocs\tiketbus\app\Controllers\Master.php(30): view('master/asal', Array)
#5 C:\xampp\htdocs\tiketbus\system\CodeIgniter.php(832): App\Controllers\Master->asal()
#6 C:\xampp\htdocs\tiketbus\system\CodeIgniter.php(419): CodeIgniter\CodeIgniter->runController(Object(App\Controllers\Master))
#7 C:\xampp\htdocs\tiketbus\system\CodeIgniter.php(326): CodeIgniter\CodeIgniter->handleRequest(NULL, Object(Config\Cache), false)
#8 C:\xampp\htdocs\tiketbus\public\index.php(37): CodeIgniter\CodeIgniter->run()
#9 C:\xampp\htdocs\tiketbus\system\Commands\Server\rewrite.php(43): require_once('C:\\xampp\\htdocs...')
#10 {main}
CRITICAL - 2022-06-23 05:57:39 --> Undefined array key "nama"
#0 C:\xampp\htdocs\tiketbus\app\Views\master\asal.php(25): CodeIgniter\Debug\Exceptions->errorHandler(2, 'Undefined array...', 'C:\\xampp\\htdocs...', 25)
#1 C:\xampp\htdocs\tiketbus\system\View\View.php(210): include('C:\\xampp\\htdocs...')
#2 C:\xampp\htdocs\tiketbus\system\View\View.php(213): CodeIgniter\View\View->CodeIgniter\View\{closure}()
#3 C:\xampp\htdocs\tiketbus\system\Common.php(1089): CodeIgniter\View\View->render('master/asal', Array, true)
#4 C:\xampp\htdocs\tiketbus\app\Controllers\Master.php(31): view('master/asal', Array)
#5 C:\xampp\htdocs\tiketbus\system\CodeIgniter.php(832): App\Controllers\Master->asal()
#6 C:\xampp\htdocs\tiketbus\system\CodeIgniter.php(419): CodeIgniter\CodeIgniter->runController(Object(App\Controllers\Master))
#7 C:\xampp\htdocs\tiketbus\system\CodeIgniter.php(326): CodeIgniter\CodeIgniter->handleRequest(NULL, Object(Config\Cache), false)
#8 C:\xampp\htdocs\tiketbus\public\index.php(37): CodeIgniter\CodeIgniter->run()
#9 C:\xampp\htdocs\tiketbus\system\Commands\Server\rewrite.php(43): require_once('C:\\xampp\\htdocs...')
#10 {main}
CRITICAL - 2022-06-23 05:57:52 --> Undefined array key "nama"
#0 C:\xampp\htdocs\tiketbus\app\Views\master\asal.php(25): CodeIgniter\Debug\Exceptions->errorHandler(2, 'Undefined array...', 'C:\\xampp\\htdocs...', 25)
#1 C:\xampp\htdocs\tiketbus\system\View\View.php(210): include('C:\\xampp\\htdocs...')
#2 C:\xampp\htdocs\tiketbus\system\View\View.php(213): CodeIgniter\View\View->CodeIgniter\View\{closure}()
#3 C:\xampp\htdocs\tiketbus\system\Common.php(1089): CodeIgniter\View\View->render('master/asal', Array, true)
#4 C:\xampp\htdocs\tiketbus\app\Controllers\Master.php(31): view('master/asal', Array)
#5 C:\xampp\htdocs\tiketbus\system\CodeIgniter.php(832): App\Controllers\Master->asal()
#6 C:\xampp\htdocs\tiketbus\system\CodeIgniter.php(419): CodeIgniter\CodeIgniter->runController(Object(App\Controllers\Master))
#7 C:\xampp\htdocs\tiketbus\system\CodeIgniter.php(326): CodeIgniter\CodeIgniter->handleRequest(NULL, Object(Config\Cache), false)
#8 C:\xampp\htdocs\tiketbus\public\index.php(37): CodeIgniter\CodeIgniter->run()
#9 C:\xampp\htdocs\tiketbus\system\Commands\Server\rewrite.php(43): require_once('C:\\xampp\\htdocs...')
#10 {main}
CRITICAL - 2022-06-23 07:46:06 --> Harus Diisi is not a valid rule.
#0 C:\xampp\htdocs\tiketbus\system\Validation\Validation.php(300): CodeIgniter\Validation\Exceptions\ValidationException::forRuleNotFound('Harus Diisi')
#1 C:\xampp\htdocs\tiketbus\system\Validation\Validation.php(157): CodeIgniter\Validation\Validation->processRules('asal', 'asal', '', Array, Array)
#2 C:\xampp\htdocs\tiketbus\system\Controller.php(160): CodeIgniter\Validation\Validation->run()
#3 C:\xampp\htdocs\tiketbus\app\Controllers\Master.php(52): CodeIgniter\Controller->validate(Array)
#4 C:\xampp\htdocs\tiketbus\app\Controllers\Master.php(35): App\Controllers\Master->_asal()
#5 C:\xampp\htdocs\tiketbus\system\CodeIgniter.php(832): App\Controllers\Master->asal()
#6 C:\xampp\htdocs\tiketbus\system\CodeIgniter.php(419): CodeIgniter\CodeIgniter->runController(Object(App\Controllers\Master))
#7 C:\xampp\htdocs\tiketbus\system\CodeIgniter.php(326): CodeIgniter\CodeIgniter->handleRequest(NULL, Object(Config\Cache), false)
#8 C:\xampp\htdocs\tiketbus\public\index.php(37): CodeIgniter\CodeIgniter->run()
#9 C:\xampp\htdocs\tiketbus\system\Commands\Server\rewrite.php(43): require_once('C:\\xampp\\htdocs...')
#10 {main}
CRITICAL - 2022-06-23 08:22:11 --> Undefined variable $user
#0 C:\xampp\htdocs\tiketbus\app\Views\templates\topbar.php(27): CodeIgniter\Debug\Exceptions->errorHandler(2, 'Undefined varia...', 'C:\\xampp\\htdocs...', 27)
#1 C:\xampp\htdocs\tiketbus\system\View\View.php(210): include('C:\\xampp\\htdocs...')
#2 C:\xampp\htdocs\tiketbus\system\View\View.php(213): CodeIgniter\View\View->CodeIgniter\View\{closure}()
#3 C:\xampp\htdocs\tiketbus\system\Common.php(1089): CodeIgniter\View\View->render('templates/topba...', Array, true)
#4 C:\xampp\htdocs\tiketbus\app\Controllers\Ubah.php(21): view('templates/topba...', Array)
#5 C:\xampp\htdocs\tiketbus\system\CodeIgniter.php(832): App\Controllers\Ubah->asal('1')
#6 C:\xampp\htdocs\tiketbus\system\CodeIgniter.php(419): CodeIgniter\CodeIgniter->runController(Object(App\Controllers\Ubah))
#7 C:\xampp\htdocs\tiketbus\system\CodeIgniter.php(326): CodeIgniter\CodeIgniter->handleRequest(NULL, Object(Config\Cache), false)
#8 C:\xampp\htdocs\tiketbus\public\index.php(37): CodeIgniter\CodeIgniter->run()
#9 C:\xampp\htdocs\tiketbus\system\Commands\Server\rewrite.php(43): require_once('C:\\xampp\\htdocs...')
#10 {main}
CRITICAL - 2022-06-23 08:23:24 --> Undefined variable $nilai
#0 C:\xampp\htdocs\tiketbus\app\Views\master\ubahasal.php(10): CodeIgniter\Debug\Exceptions->errorHandler(2, 'Undefined varia...', 'C:\\xampp\\htdocs...', 10)
#1 C:\xampp\htdocs\tiketbus\system\View\View.php(210): include('C:\\xampp\\htdocs...')
#2 C:\xampp\htdocs\tiketbus\system\View\View.php(213): CodeIgniter\View\View->CodeIgniter\View\{closure}()
#3 C:\xampp\htdocs\tiketbus\system\Common.php(1089): CodeIgniter\View\View->render('master/ubahasal', Array, true)
#4 C:\xampp\htdocs\tiketbus\app\Controllers\Ubah.php(25): view('master/ubahasal', Array)
#5 C:\xampp\htdocs\tiketbus\system\CodeIgniter.php(832): App\Controllers\Ubah->asal('1')
#6 C:\xampp\htdocs\tiketbus\system\CodeIgniter.php(419): CodeIgniter\CodeIgniter->runController(Object(App\Controllers\Ubah))
#7 C:\xampp\htdocs\tiketbus\system\CodeIgniter.php(326): CodeIgniter\CodeIgniter->handleRequest(NULL, Object(Config\Cache), false)
#8 C:\xampp\htdocs\tiketbus\public\index.php(37): CodeIgniter\CodeIgniter->run()
#9 C:\xampp\htdocs\tiketbus\system\Commands\Server\rewrite.php(43): require_once('C:\\xampp\\htdocs...')
#10 {main}
CRITICAL - 2022-06-23 08:23:54 --> Undefined variable $nilai
#0 C:\xampp\htdocs\tiketbus\app\Views\master\ubahasal.php(10): CodeIgniter\Debug\Exceptions->errorHandler(2, 'Undefined varia...', 'C:\\xampp\\htdocs...', 10)
#1 C:\xampp\htdocs\tiketbus\system\View\View.php(210): include('C:\\xampp\\htdocs...')
#2 C:\xampp\htdocs\tiketbus\system\View\View.php(213): CodeIgniter\View\View->CodeIgniter\View\{closure}()
#3 C:\xampp\htdocs\tiketbus\system\Common.php(1089): CodeIgniter\View\View->render('master/ubahasal', Array, true)
#4 C:\xampp\htdocs\tiketbus\app\Controllers\Ubah.php(25): view('master/ubahasal', Array)
#5 C:\xampp\htdocs\tiketbus\system\CodeIgniter.php(832): App\Controllers\Ubah->asal('1')
#6 C:\xampp\htdocs\tiketbus\system\CodeIgniter.php(419): CodeIgniter\CodeIgniter->runController(Object(App\Controllers\Ubah))
#7 C:\xampp\htdocs\tiketbus\system\CodeIgniter.php(326): CodeIgniter\CodeIgniter->handleRequest(NULL, Object(Config\Cache), false)
#8 C:\xampp\htdocs\tiketbus\public\index.php(37): CodeIgniter\CodeIgniter->run()
#9 C:\xampp\htdocs\tiketbus\system\Commands\Server\rewrite.php(43): require_once('C:\\xampp\\htdocs...')
#10 {main}
CRITICAL - 2022-06-23 08:36:55 --> syntax error, unexpected token "}"
#0 C:\xampp\htdocs\tiketbus\system\Router\Router.php(175): CodeIgniter\Router\Router->autoRoute('ubah/asal/1')
#1 C:\xampp\htdocs\tiketbus\system\CodeIgniter.php(726): CodeIgniter\Router\Router->handle('ubah/asal/1')
#2 C:\xampp\htdocs\tiketbus\system\CodeIgniter.php(368): CodeIgniter\CodeIgniter->tryToRouteIt(Object(CodeIgniter\Router\RouteCollection))
#3 C:\xampp\htdocs\tiketbus\system\CodeIgniter.php(326): CodeIgniter\CodeIgniter->handleRequest(NULL, Object(Config\Cache), false)
#4 C:\xampp\htdocs\tiketbus\public\index.php(37): CodeIgniter\CodeIgniter->run()
#5 C:\xampp\htdocs\tiketbus\system\Commands\Server\rewrite.php(43): require_once('C:\\xampp\\htdocs...')
#6 {main}
CRITICAL - 2022-06-23 09:00:48 --> Undefined array key "username"
#0 C:\xampp\htdocs\tiketbus\app\Views\templates\topbar.php(27): CodeIgniter\Debug\Exceptions->errorHandler(2, 'Undefined array...', 'C:\\xampp\\htdocs...', 27)
#1 C:\xampp\htdocs\tiketbus\system\View\View.php(210): include('C:\\xampp\\htdocs...')
#2 C:\xampp\htdocs\tiketbus\system\View\View.php(213): CodeIgniter\View\View->CodeIgniter\View\{closure}()
#3 C:\xampp\htdocs\tiketbus\system\Common.php(1089): CodeIgniter\View\View->render('templates/topba...', Array, true)
#4 C:\xampp\htdocs\tiketbus\app\Controllers\Master.php(131): view('templates/topba...', Array)
#5 C:\xampp\htdocs\tiketbus\system\CodeIgniter.php(832): App\Controllers\Master->member()
#6 C:\xampp\htdocs\tiketbus\system\CodeIgniter.php(419): CodeIgniter\CodeIgniter->runController(Object(App\Controllers\Master))
#7 C:\xampp\htdocs\tiketbus\system\CodeIgniter.php(326): CodeIgniter\CodeIgniter->handleRequest(NULL, Object(Config\Cache), false)
#8 C:\xampp\htdocs\tiketbus\public\index.php(37): CodeIgniter\CodeIgniter->run()
#9 C:\xampp\htdocs\tiketbus\system\Commands\Server\rewrite.php(43): require_once('C:\\xampp\\htdocs...')
#10 {main}
CRITICAL - 2022-06-23 09:01:38 --> Undefined array key "username"
#0 C:\xampp\htdocs\tiketbus\app\Views\templates\topbar.php(27): CodeIgniter\Debug\Exceptions->errorHandler(2, 'Undefined array...', 'C:\\xampp\\htdocs...', 27)
#1 C:\xampp\htdocs\tiketbus\system\View\View.php(210): include('C:\\xampp\\htdocs...')
#2 C:\xampp\htdocs\tiketbus\system\View\View.php(213): CodeIgniter\View\View->CodeIgniter\View\{closure}()
#3 C:\xampp\htdocs\tiketbus\system\Common.php(1089): CodeIgniter\View\View->render('templates/topba...', Array, true)
#4 C:\xampp\htdocs\tiketbus\app\Controllers\Master.php(131): view('templates/topba...', Array)
#5 C:\xampp\htdocs\tiketbus\system\CodeIgniter.php(832): App\Controllers\Master->member()
#6 C:\xampp\htdocs\tiketbus\system\CodeIgniter.php(419): CodeIgniter\CodeIgniter->runController(Object(App\Controllers\Master))
#7 C:\xampp\htdocs\tiketbus\system\CodeIgniter.php(326): CodeIgniter\CodeIgniter->handleRequest(NULL, Object(Config\Cache), false)
#8 C:\xampp\htdocs\tiketbus\public\index.php(37): CodeIgniter\CodeIgniter->run()
#9 C:\xampp\htdocs\tiketbus\system\Commands\Server\rewrite.php(43): require_once('C:\\xampp\\htdocs...')
#10 {main}
